This is XeTeX, Version 3.14159265-2.6-0.99992 (TeX Live 2015/Arch Linux) (preloaded format=xelatex 2015.11.29)  14 FEB 2016 03:05
entering extended mode
 restricted \write18 enabled.
 %&-line parsing enabled.
**alice.tex
(./alice.tex
LaTeX2e <2015/10/01> patch level 2
Babel <3.9m> and hyphenation patterns for 79 languages loaded.
(/usr/share/texmf-dist/tex/latex/base/book.cls
Document Class: book 2014/09/29 v1.4h Standard LaTeX document class
(/usr/share/texmf-dist/tex/latex/base/bk12.clo
File: bk12.clo 2014/09/29 v1.4h Standard LaTeX file (size option)
)
\c@part=\count79
\c@chapter=\count80
\c@section=\count81
\c@subsection=\count82
\c@subsubsection=\count83
\c@paragraph=\count84
\c@subparagraph=\count85
\c@figure=\count86
\c@table=\count87
\abovecaptionskip=\skip41
\belowcaptionskip=\skip42
\bibindent=\dimen102
)
(/usr/share/texmf-dist/tex/latex/geometry/geometry.sty
Package: geometry 2010/09/12 v5.6 Page Geometry

(/usr/share/texmf-dist/tex/latex/graphics/keyval.sty
Package: keyval 2014/10/28 v1.15 key=value parser (DPC)
\KV@toks@=\toks14
)
(/usr/share/texmf-dist/tex/generic/oberdiek/ifpdf.sty
Package: ifpdf 2011/01/30 v2.3 Provides the ifpdf switch (HO)
Package ifpdf Info: pdfTeX in PDF mode is not detected.
)
(/usr/share/texmf-dist/tex/generic/oberdiek/ifvtex.sty
Package: ifvtex 2010/03/01 v1.5 Detect VTeX and its facilities (HO)
Package ifvtex Info: VTeX not detected.
)
(/usr/share/texmf-dist/tex/generic/ifxetex/ifxetex.sty
Package: ifxetex 2010/09/12 v0.6 Provides ifxetex conditional
)
\Gm@cnth=\count88
\Gm@cntv=\count89
\c@Gm@tempcnt=\count90
\Gm@bindingoffset=\dimen103
\Gm@wd@mp=\dimen104
\Gm@odd@mp=\dimen105
\Gm@even@mp=\dimen106
\Gm@layoutwidth=\dimen107
\Gm@layoutheight=\dimen108
\Gm@layouthoffset=\dimen109
\Gm@layoutvoffset=\dimen110
\Gm@dimlist=\toks15
)
(/usr/share/texmf-dist/tex/latex/parallel/parallel.sty
Package: parallel 2003/04/13, setting two texts parallel (me)

`parallel': setting two texts parallel, (beta 4) 2003/04/13.
\ParallelLWidth=\dimen111
\ParallelRWidth=\dimen112
\ParallelTextWidth=\dimen113
\ParallelLeftMargin=\dimen114
\ParallelUserMidSkip=\dimen115
\ParallelMainMidSkip=\dimen116
\ParallelLBox=\box26
\ParallelRBox=\box27
\ParallelBoxVar=\box28
\ParallelLTok=\box29
\ParallelRTok=\box30
\ParallelBoolVar=\count91
\ParallelBoolMid=\count92
\ParallelWhichBox=\count93
\ParallelMainMode=\count94
\ParallelFNMode=\count95
\ParallelLFNCounter=\count96
\ParallelRFNCounter=\count97
\ParallelMaxFN=\count98
\ParallelFNNumMode=\count99
)
(/usr/share/texmf-dist/tex/xelatex/xunicode/xunicode.sty
File: xunicode.sty 2011/09/09 v0.981 provides access to latin accents and many 
other characters in Unicode lower plane

(/usr/share/texmf-dist/tex/latex/tipa/t3enc.def
File: t3enc.def 2001/12/31 T3 encoding
)
\tipaTiiicode=\count100
\tipasavetokens=\toks16
\tipachecktokens=\toks17

(/usr/share/texmf-dist/tex/latex/graphics/graphicx.sty
Package: graphicx 2014/10/28 v1.0g Enhanced LaTeX Graphics (DPC,SPQR)

(/usr/share/texmf-dist/tex/latex/graphics/graphics.sty
Package: graphics 2014/10/28 v1.0p Standard LaTeX Graphics (DPC,SPQR)

(/usr/share/texmf-dist/tex/latex/graphics/trig.sty
Package: trig 1999/03/16 v1.09 sin cos tan (DPC)
)
(/usr/share/texmf-dist/tex/latex/latexconfig/graphics.cfg
File: graphics.cfg 2010/04/23 v1.9 graphics configuration of TeX Live
)
Package graphics Info: Driver file: xetex.def on input line 94.

(/usr/share/texmf-dist/tex/xelatex/xetex-def/xetex.def
File: xetex.def 2015/09/11 v4.06 LaTeX color/graphics driver for XeTeX (TeX Liv
e/RRM/JK)

(/usr/share/texmf-dist/tex/generic/oberdiek/infwarerr.sty
Package: infwarerr 2010/04/08 v1.3 Providing info/warning/error messages (HO)
)
(/usr/share/texmf-dist/tex/generic/oberdiek/ltxcmds.sty
Package: ltxcmds 2011/11/09 v1.22 LaTeX kernel commands for general use (HO)
)))
\Gin@req@height=\dimen117
\Gin@req@width=\dimen118
))
(/usr/share/texmf-dist/tex/latex/fontspec/fontspec.sty
Package: fontspec 2015/09/24 v2.4e Font selection for XeLaTeX and LuaLaTeX

(/usr/share/texmf-dist/tex/latex/l3kernel/expl3.sty
Package: expl3 2015/11/04 v6224 L3 programming layer (loader) 

(/usr/share/texmf-dist/tex/latex/l3kernel/expl3-code.tex
Package: expl3 2015/11/04 v6224 L3 programming layer (code) 
L3 Module: l3bootstrap 2015/10/18 v6213 L3 Bootstrap code
L3 Module: l3names 2015/11/03 v6220 L3 Namespace for primitives
L3 Module: l3basics 2015/09/22 v6033 L3 Basic definitions
L3 Module: l3expan 2015/09/10 v5983 L3 Argument expansion
L3 Module: l3tl 2015/09/29 v6121 L3 Token lists
L3 Module: l3str 2015/09/20 v6021 L3 Strings
L3 Module: l3seq 2015/08/05 v5777 L3 Sequences and stacks
L3 Module: l3int 2015/09/25 v6089 L3 Integers
\c_max_int=\count101
\l_tmpa_int=\count102
\l_tmpb_int=\count103
\g_tmpa_int=\count104
\g_tmpb_int=\count105
L3 Module: l3quark 2015/08/17 v5855 L3 Quarks
L3 Module: l3prg 2015/11/01 v6216 L3 Control structures
\g__prg_map_int=\count106
L3 Module: l3clist 2015/09/02 v5901 L3 Comma separated lists
L3 Module: l3token 2015/09/28 v6114 L3 Experimental token manipulation
L3 Module: l3prop 2015/08/05 v5777 L3 Property lists
L3 Module: l3msg 2015/09/28 v6113 L3 Messages
L3 Module: l3file 2015/09/23 v6037 L3 File and I/O operations
\l_iow_line_count_int=\count107
\l__iow_target_count_int=\count108
\l__iow_current_line_int=\count109
\l__iow_current_word_int=\count110
\l__iow_current_indentation_int=\count111
L3 Module: l3skip 2015/09/25 v6089 L3 Dimensions and skips
\c_zero_dim=\dimen119
\c_max_dim=\dimen120
\l_tmpa_dim=\dimen121
\l_tmpb_dim=\dimen122
\g_tmpa_dim=\dimen123
\g_tmpb_dim=\dimen124
\c_zero_skip=\skip43
\c_max_skip=\skip44
\l_tmpa_skip=\skip45
\l_tmpb_skip=\skip46
\g_tmpa_skip=\skip47
\g_tmpb_skip=\skip48
\c_zero_muskip=\muskip10
\c_max_muskip=\muskip11
\l_tmpa_muskip=\muskip12
\l_tmpb_muskip=\muskip13
\g_tmpa_muskip=\muskip14
\g_tmpb_muskip=\muskip15
L3 Module: l3keys 2015/09/23 v6037 L3 Key-value interfaces
\g__keyval_level_int=\count112
\l_keys_choice_int=\count113
L3 Module: l3fp 2015/08/25 v5890 L3 Floating points
\c__fp_leading_shift_int=\count114
\c__fp_middle_shift_int=\count115
\c__fp_trailing_shift_int=\count116
\c__fp_big_leading_shift_int=\count117
\c__fp_big_middle_shift_int=\count118
\c__fp_big_trailing_shift_int=\count119
\c__fp_Bigg_leading_shift_int=\count120
\c__fp_Bigg_middle_shift_int=\count121
\c__fp_Bigg_trailing_shift_int=\count122
L3 Module: l3box 2015/08/09 v5822 L3 Experimental boxes
\c_empty_box=\box31
\l_tmpa_box=\box32
\l_tmpb_box=\box33
\g_tmpa_box=\box34
\g_tmpb_box=\box35
L3 Module: l3coffins 2015/08/06 v5789 L3 Coffin code layer
\l__coffin_internal_box=\box36
\l__coffin_internal_dim=\dimen125
\l__coffin_offset_x_dim=\dimen126
\l__coffin_offset_y_dim=\dimen127
\l__coffin_x_dim=\dimen128
\l__coffin_y_dim=\dimen129
\l__coffin_x_prime_dim=\dimen130
\l__coffin_y_prime_dim=\dimen131
\c_empty_coffin=\box37
\l__coffin_aligned_coffin=\box38
\l__coffin_aligned_internal_coffin=\box39
\l_tmpa_coffin=\box40
\l_tmpb_coffin=\box41
\l__coffin_display_coffin=\box42
\l__coffin_display_coord_coffin=\box43
\l__coffin_display_pole_coffin=\box44
\l__coffin_display_offset_dim=\dimen132
\l__coffin_display_x_dim=\dimen133
\l__coffin_display_y_dim=\dimen134
L3 Module: l3color 2014/08/23 v5354 L3 Experimental color support
L3 Module: l3candidates 2015/11/01 v6216 L3 Experimental additions to l3kernel
\l__box_top_dim=\dimen135
\l__box_bottom_dim=\dimen136
\l__box_left_dim=\dimen137
\l__box_right_dim=\dimen138
\l__box_top_new_dim=\dimen139
\l__box_bottom_new_dim=\dimen140
\l__box_left_new_dim=\dimen141
\l__box_right_new_dim=\dimen142
\l__box_internal_box=\box45
\l__coffin_bounding_shift_dim=\dimen143
\l__coffin_left_corner_dim=\dimen144
\l__coffin_right_corner_dim=\dimen145
\l__coffin_bottom_corner_dim=\dimen146
\l__coffin_top_corner_dim=\dimen147
\l__coffin_scaled_total_height_dim=\dimen148
\l__coffin_scaled_width_dim=\dimen149
L3 Module: l3sys 2015/09/25 v6087 L3 Experimental system/runtime functions
L3 Module: l3luatex 2015/09/10 v5983 L3 Experimental LuaTeX-specific functions
)
(/usr/share/texmf-dist/tex/latex/l3kernel/l3unicode-data.def
File: l3unicode-data.def 2015/07/20 v5676 L3 Unicode data
)
(/usr/share/texmf-dist/tex/latex/l3kernel/l3xdvipdfmx.def
File: l3xdvidpfmx.def 2015/09/10 v5983 L3 Experimental driver: xdvipdfmx
))
(/usr/share/texmf-dist/tex/latex/l3packages/xparse/xparse.sty
Package: xparse 2015/11/04 v6224 L3 Experimental document command parser
\l__xparse_current_arg_int=\count123
\l__xparse_m_args_int=\count124
\l__xparse_mandatory_args_int=\count125
\l__xparse_processor_int=\count126
\l__xparse_v_nesting_int=\count127
)
\l_fontspec_script_int=\count128
\l_fontspec_language_int=\count129
\l_fontspec_strnum_int=\count130
\l__fontspec_tmpa_dim=\dimen150
\l__fontspec_tmpb_dim=\dimen151
\l__fontspec_tmpc_dim=\dimen152

(/usr/share/texmf-dist/tex/latex/fontspec/fontspec-patches.sty
Package: fontspec-patches 2015/09/24 v2.4e Font selection for XeLaTeX and LuaLa
TeX
LaTeX Info: Redefining \em on input line 49.
LaTeX Info: Redefining \emph on input line 57.
LaTeX Info: Redefining \- on input line 60.
.................................................
. LaTeX info: "xparse/redefine-command"
. 
. Redefining command \oldstylenums with sig. 'm' on line 155.
.................................................
.................................................
. LaTeX info: "xparse/define-command"
. 
. Defining command \liningnums with sig. 'm' on line 159.
.................................................
)
(/usr/share/texmf-dist/tex/latex/fontspec/fontspec-xetex.sty
Package: fontspec-xetex 2015/09/24 v2.4e Font selection for XeLaTeX and LuaLaTe
X

(/usr/share/texmf-dist/tex/latex/base/fontenc.sty
Package: fontenc 2005/09/27 v1.99g Standard LaTeX package

(/usr/share/texmf-dist/tex/latex/euenc/eu1enc.def
File: eu1enc.def 2010/05/27 v0.1h Experimental Unicode font encodings
)
LaTeX Font Info:    Try loading font information for EU1+lmr on input line 105.


(/usr/share/texmf-dist/tex/latex/euenc/eu1lmr.fd
File: eu1lmr.fd 2009/10/30 v1.6 Font defs for Latin Modern
))
.................................................
. LaTeX info: "xparse/define-command"
. 
. Defining command \__fontspec_post_arg:w with sig. 'mmO{}' on line 42.
.................................................
.................................................
. LaTeX info: "xparse/define-command"
. 
. Defining command \fontspec with sig. 'om' on line 44.
.................................................
.................................................
. LaTeX info: "xparse/define-command"
. 
. Defining command \setmainfont with sig. 'om' on line 54.
.................................................
.................................................
. LaTeX info: "xparse/define-command"
. 
. Defining command \setsansfont with sig. 'om' on line 64.
.................................................
.................................................
. LaTeX info: "xparse/define-command"
. 
. Defining command \setmonofont with sig. 'om' on line 74.
.................................................
.................................................
. LaTeX info: "xparse/define-command"
. 
. Defining command \setmathrm with sig. 'om' on line 88.
.................................................
.................................................
. LaTeX info: "xparse/define-command"
. 
. Defining command \setboldmathrm with sig. 'om' on line 96.
.................................................
.................................................
. LaTeX info: "xparse/define-command"
. 
. Defining command \setmathsf with sig. 'om' on line 104.
.................................................
.................................................
. LaTeX info: "xparse/define-command"
. 
. Defining command \setmathtt with sig. 'om' on line 112.
.................................................
.................................................
. LaTeX info: "xparse/define-command"
. 
. Defining command \newfontfamily with sig. 'mom' on line 126.
.................................................
.................................................
. LaTeX info: "xparse/define-command"
. 
. Defining command \newfontface with sig. 'mom' on line 141.
.................................................
.................................................
. LaTeX info: "xparse/define-command"
. 
. Defining command \defaultfontfeatures with sig. 't+om' on line 155.
.................................................
.................................................
. LaTeX info: "xparse/define-command"
. 
. Defining command \addfontfeatures with sig. 'm' on line 210.
.................................................
.................................................
. LaTeX info: "xparse/define-command"
. 
. Defining command \newfontfeature with sig. 'mm' on line 221.
.................................................
.................................................
. LaTeX info: "xparse/define-command"
. 
. Defining command \newAATfeature with sig. 'mmmm' on line 229.
.................................................
.................................................
. LaTeX info: "xparse/define-command"
. 
. Defining command \newopentypefeature with sig. 'mmm' on line 237.
.................................................
.................................................
. LaTeX info: "xparse/define-command"
. 
. Defining command \aliasfontfeature with sig. 'mm' on line 258.
.................................................
.................................................
. LaTeX info: "xparse/define-command"
. 
. Defining command \aliasfontfeatureoption with sig. 'mmm' on line 267.
.................................................
.................................................
. LaTeX info: "xparse/define-command"
. 
. Defining command \newfontscript with sig. 'mm' on line 272.
.................................................
.................................................
. LaTeX info: "xparse/define-command"
. 
. Defining command \newfontlanguage with sig. 'mm' on line 298.
.................................................
.................................................
. LaTeX info: "xparse/define-command"
. 
. Defining command \DeclareFontsExtensions with sig. 'm' on line 318.
.................................................
\l__fontspec_tmp_int=\count131
LaTeX Info: Redefining \itshape on input line 2227.
LaTeX Info: Redefining \slshape on input line 2232.
LaTeX Info: Redefining \scshape on input line 2237.
LaTeX Info: Redefining \upshape on input line 2242.

(/usr/share/texmf-dist/tex/latex/fontspec/fontspec.cfg)))
(/usr/share/texmf-dist/tex/latex/xltxtra/xltxtra.sty
Package: xltxtra 2010/09/20 v0.5e Improvements for the "XeLaTeX" format

(/usr/share/texmf-dist/tex/generic/oberdiek/ifluatex.sty
Package: ifluatex 2010/03/01 v1.3 Provides the ifluatex switch (HO)
Package ifluatex Info: LuaTeX not detected.
)
(/usr/share/texmf-dist/tex/latex/realscripts/realscripts.sty
Package: realscripts 2013/03/18 v0.3c Access OpenType subscripts and superscrip
ts
.................................................
. LaTeX info: "xparse/define-command"
. 
. Defining command \fakesubscript with sig. 'm' on line 19.
.................................................
.................................................
. LaTeX info: "xparse/define-command"
. 
. Defining command \fakesuperscript with sig. 'm' on line 22.
.................................................
.................................................
. LaTeX info: "xparse/redefine-command"
. 
. Redefining command \textsubscript with sig. 's' on line 25.
.................................................
.................................................
. LaTeX info: "xparse/redefine-command"
. 
. Redefining command \textsuperscript with sig. 's' on line 28.
.................................................
.................................................
. LaTeX info: "xparse/define-command"
. 
. Defining command \realsubscript with sig. 'm' on line 45.
.................................................
.................................................
. LaTeX info: "xparse/define-command"
. 
. Defining command \realsuperscript with sig. 'm' on line 60.
.................................................
.................................................
. LaTeX info: "xparse/define-command"
. 
. Defining command \textsubsuperscript with sig. 'sO{l}mm' on line 138.
.................................................
.................................................
. LaTeX info: "xparse/define-command"
. 
. Defining command \textsupersubscript with sig. 'sO{l}mm' on line 143.
.................................................
\subsupersep=\dimen153
)
(/usr/share/texmf-dist/tex/latex/metalogo/metalogo.sty
Package: metalogo 2010/05/29 v0.12 Extended TeX logo macros
\xl@everylogo=\toks18
\xl@@everylogo=\toks19
LaTeX Info: Redefining \TeX on input line 193.
LaTeX Info: Redefining \LaTeX on input line 202.
LaTeX Info: Redefining \LaTeXe on input line 219.
)
\xxt@tempbox=\box46
)
(/usr/share/texmf-dist/tex/latex/url/url.sty
\Urlmuskip=\muskip16
Package: url 2013/09/16  ver 3.4  Verb mode for urls, etc.
)
(/usr/share/texmf-dist/tex/latex/tools/multicol.sty
Package: multicol 2015/08/19 v1.8n multicolumn formatting (FMi)
\c@tracingmulticols=\count132
\mult@box=\box47
\multicol@leftmargin=\dimen154
\c@unbalance=\count133
\c@collectmore=\count134
\doublecol@number=\count135
\multicoltolerance=\count136
\multicolpretolerance=\count137
\full@width=\dimen155
\page@free=\dimen156
\premulticols=\dimen157
\postmulticols=\dimen158
\multicolsep=\skip49
\multicolbaselineskip=\skip50
\partial@page=\box48
\last@line=\box49
\maxbalancingoverflow=\dimen159
\mult@rightbox=\box50
\mult@grightbox=\box51
\mult@gfirstbox=\box52
\mult@firstbox=\box53
\@tempa=\box54
\@tempa=\box55
\@tempa=\box56
\@tempa=\box57
\@tempa=\box58
\@tempa=\box59
\@tempa=\box60
\@tempa=\box61
\@tempa=\box62
\@tempa=\box63
\@tempa=\box64
\@tempa=\box65
\@tempa=\box66
\@tempa=\box67
\@tempa=\box68
\@tempa=\box69
\@tempa=\box70
\c@columnbadness=\count138
\c@finalcolumnbadness=\count139
\last@try=\dimen160
\multicolovershoot=\dimen161
\multicolundershoot=\dimen162
\mult@nat@firstbox=\box71
\colbreak@box=\box72
\mc@col@check@num=\count140
)
(/usr/share/texmf-dist/tex/latex/oberdiek/letltxmacro.sty
Package: letltxmacro 2010/09/02 v1.4 Let assignment for LaTeX macros (HO)
)
(/usr/share/texmf-dist/tex/latex/ziffer/ziffer.sty)
(/usr/share/texmf-dist/tex/latex/libertine/libertine.sty
Package: libertine 2014/11/25 (Bob Tennent) Supports Libertine and Biolinum fon
ts for all LaTeX engines.

(/usr/share/texmf-dist/tex/latex/xkeyval/xkeyval.sty
Package: xkeyval 2014/12/03 v2.7a package option processing (HA)

(/usr/share/texmf-dist/tex/generic/xkeyval/xkeyval.tex
(/usr/share/texmf-dist/tex/generic/xkeyval/xkvutils.tex
\XKV@toks=\toks20
\XKV@tempa@toks=\toks21
)
\XKV@depth=\count141
File: xkeyval.tex 2014/12/03 v2.7a key=value parser (HA)
))
(/usr/share/texmf-dist/tex/latex/base/textcomp.sty
Package: textcomp 2005/09/27 v1.99g Standard LaTeX package
Package textcomp Info: Sub-encoding information:
(textcomp)               5 = only ISO-Adobe without \textcurrency
(textcomp)               4 = 5 + \texteuro
(textcomp)               3 = 4 + \textohm
(textcomp)               2 = 3 + \textestimated + \textcurrency
(textcomp)               1 = TS1 - \textcircled - \t
(textcomp)               0 = TS1 (full)
(textcomp)             Font families with sub-encoding setting implement
(textcomp)             only a restricted character set as indicated.
(textcomp)             Family '?' is the default used for unknown fonts.
(textcomp)             See the documentation for details.
Package textcomp Info: Setting ? sub-encoding to TS1/1 on input line 79.

(/usr/share/texmf-dist/tex/latex/base/ts1enc.def
File: ts1enc.def 2001/06/05 v3.0e (jk/car/fm) Standard LaTeX file
)
LaTeX Info: Redefining \oldstylenums on input line 334.
Package textcomp Info: Setting cmr sub-encoding to TS1/0 on input line 349.
Package textcomp Info: Setting cmss sub-encoding to TS1/0 on input line 350.
Package textcomp Info: Setting cmtt sub-encoding to TS1/0 on input line 351.
Package textcomp Info: Setting cmvtt sub-encoding to TS1/0 on input line 352.
Package textcomp Info: Setting cmbr sub-encoding to TS1/0 on input line 353.
Package textcomp Info: Setting cmtl sub-encoding to TS1/0 on input line 354.
Package textcomp Info: Setting ccr sub-encoding to TS1/0 on input line 355.
Package textcomp Info: Setting ptm sub-encoding to TS1/4 on input line 356.
Package textcomp Info: Setting pcr sub-encoding to TS1/4 on input line 357.
Package textcomp Info: Setting phv sub-encoding to TS1/4 on input line 358.
Package textcomp Info: Setting ppl sub-encoding to TS1/3 on input line 359.
Package textcomp Info: Setting pag sub-encoding to TS1/4 on input line 360.
Package textcomp Info: Setting pbk sub-encoding to TS1/4 on input line 361.
Package textcomp Info: Setting pnc sub-encoding to TS1/4 on input line 362.
Package textcomp Info: Setting pzc sub-encoding to TS1/4 on input line 363.
Package textcomp Info: Setting bch sub-encoding to TS1/4 on input line 364.
Package textcomp Info: Setting put sub-encoding to TS1/5 on input line 365.
Package textcomp Info: Setting uag sub-encoding to TS1/5 on input line 366.
Package textcomp Info: Setting ugq sub-encoding to TS1/5 on input line 367.
Package textcomp Info: Setting ul8 sub-encoding to TS1/4 on input line 368.
Package textcomp Info: Setting ul9 sub-encoding to TS1/4 on input line 369.
Package textcomp Info: Setting augie sub-encoding to TS1/5 on input line 370.
Package textcomp Info: Setting dayrom sub-encoding to TS1/3 on input line 371.
Package textcomp Info: Setting dayroms sub-encoding to TS1/3 on input line 372.

Package textcomp Info: Setting pxr sub-encoding to TS1/0 on input line 373.
Package textcomp Info: Setting pxss sub-encoding to TS1/0 on input line 374.
Package textcomp Info: Setting pxtt sub-encoding to TS1/0 on input line 375.
Package textcomp Info: Setting txr sub-encoding to TS1/0 on input line 376.
Package textcomp Info: Setting txss sub-encoding to TS1/0 on input line 377.
Package textcomp Info: Setting txtt sub-encoding to TS1/0 on input line 378.
Package textcomp Info: Setting lmr sub-encoding to TS1/0 on input line 379.
Package textcomp Info: Setting lmdh sub-encoding to TS1/0 on input line 380.
Package textcomp Info: Setting lmss sub-encoding to TS1/0 on input line 381.
Package textcomp Info: Setting lmssq sub-encoding to TS1/0 on input line 382.
Package textcomp Info: Setting lmvtt sub-encoding to TS1/0 on input line 383.
Package textcomp Info: Setting lmtt sub-encoding to TS1/0 on input line 384.
Package textcomp Info: Setting qhv sub-encoding to TS1/0 on input line 385.
Package textcomp Info: Setting qag sub-encoding to TS1/0 on input line 386.
Package textcomp Info: Setting qbk sub-encoding to TS1/0 on input line 387.
Package textcomp Info: Setting qcr sub-encoding to TS1/0 on input line 388.
Package textcomp Info: Setting qcs sub-encoding to TS1/0 on input line 389.
Package textcomp Info: Setting qpl sub-encoding to TS1/0 on input line 390.
Package textcomp Info: Setting qtm sub-encoding to TS1/0 on input line 391.
Package textcomp Info: Setting qzc sub-encoding to TS1/0 on input line 392.
Package textcomp Info: Setting qhvc sub-encoding to TS1/0 on input line 393.
Package textcomp Info: Setting futs sub-encoding to TS1/4 on input line 394.
Package textcomp Info: Setting futx sub-encoding to TS1/4 on input line 395.
Package textcomp Info: Setting futj sub-encoding to TS1/4 on input line 396.
Package textcomp Info: Setting hlh sub-encoding to TS1/3 on input line 397.
Package textcomp Info: Setting hls sub-encoding to TS1/3 on input line 398.
Package textcomp Info: Setting hlst sub-encoding to TS1/3 on input line 399.
Package textcomp Info: Setting hlct sub-encoding to TS1/5 on input line 400.
Package textcomp Info: Setting hlx sub-encoding to TS1/5 on input line 401.
Package textcomp Info: Setting hlce sub-encoding to TS1/5 on input line 402.
Package textcomp Info: Setting hlcn sub-encoding to TS1/5 on input line 403.
Package textcomp Info: Setting hlcw sub-encoding to TS1/5 on input line 404.
Package textcomp Info: Setting hlcf sub-encoding to TS1/5 on input line 405.
Package textcomp Info: Setting pplx sub-encoding to TS1/3 on input line 406.
Package textcomp Info: Setting pplj sub-encoding to TS1/3 on input line 407.
Package textcomp Info: Setting ptmx sub-encoding to TS1/4 on input line 408.
Package textcomp Info: Setting ptmj sub-encoding to TS1/4 on input line 409.
)
\g__file_internal_ior=\read1
Requested font "[LinLibertine_R.otf]/OT" at 10.0pt
 -> /usr/share/texmf-dist/fonts/opentype/public/libertine/LinLibertine_R.otf
\g__fontspec_family_LinLibertine_int=\count142
Requested font "[lmroman12-regular]:mapping=tex-text" at 12.0pt
 -> /usr/share/texmf-dist/fonts/opentype/public/lm/lmroman12-regular.otf
Requested font "[LinLibertine_RB.otf]/OT" at 10.0pt
 -> /usr/share/texmf-dist/fonts/opentype/public/libertine/LinLibertine_RB.otf
Requested font "[LinLibertine_RI.otf]/OT" at 10.0pt
 -> /usr/share/texmf-dist/fonts/opentype/public/libertine/LinLibertine_RI.otf
Requested font "[LinLibertine_RBI.otf]/OT" at 10.0pt
 -> /usr/share/texmf-dist/fonts/opentype/public/libertine/LinLibertine_RBI.otf
.................................................
. fontspec info: "defining-font"
. 
. Font family 'LinLibertine(0)' created for font 'LinLibertine' with options
. [Ligatures = TeX,Extension =
. .otf,SmallCapsFeatures={Letters=SmallCaps},Ligatures=TeX,Numbers =
. {Monospaced,OldStyle},UprightFont = *_R,ItalicFont = *_RI,BoldFont =
. *_RB,BoldItalicFont = *_RBI].
. 
. This font family consists of the following shapes:
. 
. * 'normal' with NFSS spec.:
. 
. <->"[LinLibertine_R.otf]/OT:script=latn;language=DFLT;mapping=tex-text;mappin
g=tex-text;+tnum;+onum;"
. 
. * 'small caps' with NFSS spec.:
. 
. <->"[LinLibertine_R.otf]/OT:script=latn;language=DFLT;mapping=tex-text;mappin
g=tex-text;+tnum;+onum;+smcp;+smcp;"
. and font adjustment code:
. 
. 
. * 'bold' with NFSS spec.:
. 
. <->"[LinLibertine_RB.otf]/OT:script=latn;language=DFLT;mapping=tex-text;mappi
ng=tex-text;+tnum;+onum;"
. 
. * 'bold small caps' with NFSS spec.:
. 
. <->"[LinLibertine_RB.otf]/OT:script=latn;language=DFLT;mapping=tex-text;mappi
ng=tex-text;+tnum;+onum;+smcp;+smcp;"
. and font adjustment code:
. 
. 
. * 'italic' with NFSS spec.:
. 
. <->"[LinLibertine_RI.otf]/OT:script=latn;language=DFLT;mapping=tex-text;mappi
ng=tex-text;+tnum;+onum;"
. 
. * 'small caps' with NFSS spec.:
. 
. <->"[LinLibertine_RI.otf]/OT:script=latn;language=DFLT;mapping=tex-text;mappi
ng=tex-text;+tnum;+onum;+smcp;+smcp;"
. and font adjustment code:
. 
. 
. * 'bold italic' with NFSS spec.:
. 
. <->"[LinLibertine_RBI.otf]/OT:script=latn;language=DFLT;mapping=tex-text;mapp
ing=tex-text;+tnum;+onum;"
. 
. * 'bold small caps' with NFSS spec.:
. 
. <->"[LinLibertine_RBI.otf]/OT:script=latn;language=DFLT;mapping=tex-text;mapp
ing=tex-text;+tnum;+onum;+smcp;+smcp;"
. and font adjustment code:
. 
.................................................
Requested font "[LinLibertine_R.otf]/OT:script=latn;language=DFLT;mapping=tex-t
ext;mapping=tex-text;+tnum;+onum;" at 10.0pt
 -> /usr/share/texmf-dist/fonts/opentype/public/libertine/LinLibertine_R.otf
Requested font "[LinBiolinum_R.otf]/OT" at 10.0pt
 -> /usr/share/texmf-dist/fonts/opentype/public/libertine/LinBiolinum_R.otf
\g__fontspec_family_LinBiolinum_int=\count143
Requested font "[LinLibertine_R.otf]/OT:script=latn;language=DFLT;mapping=tex-t
ext;mapping=tex-text;+tnum;+onum;" at 12.0pt
 -> /usr/share/texmf-dist/fonts/opentype/public/libertine/LinLibertine_R.otf
Requested font "[LinBiolinum_RB.otf]/OT" at 10.0pt
 -> /usr/share/texmf-dist/fonts/opentype/public/libertine/LinBiolinum_RB.otf
Requested font "[LinBiolinum_RI.otf]/OT" at 10.0pt
 -> /usr/share/texmf-dist/fonts/opentype/public/libertine/LinBiolinum_RI.otf
Requested font "[LinBiolinum_RBO.otf]/OT" at 10.0pt
 -> /usr/share/texmf-dist/fonts/opentype/public/libertine/LinBiolinum_RBO.otf
.................................................
. fontspec info: "defining-font"
. 
. Font family 'LinBiolinum(0)' created for font 'LinBiolinum' with options
. [Ligatures = TeX,Extension =
. .otf,SmallCapsFeatures={Letters=SmallCaps},Ligatures=TeX,Numbers =
. {Monospaced, OldStyle},Scale = 1,UprightFont = *_R,ItalicFont =
. *_RI,BoldFont = *_RB,BoldItalicFont = *_RBO].
. 
. This font family consists of the following shapes:
. 
. * 'normal' with NFSS spec.:
. 
. <->s*[1]"[LinBiolinum_R.otf]/OT:script=latn;language=DFLT;mapping=tex-text;ma
pping=tex-text;+tnum;+onum;"
. 
. * 'small caps' with NFSS spec.:
. 
. <->s*[1]"[LinBiolinum_R.otf]/OT:script=latn;language=DFLT;mapping=tex-text;ma
pping=tex-text;+tnum;+onum;+smcp;+smcp;"
. and font adjustment code:
. 
. 
. * 'bold' with NFSS spec.:
. 
. <->s*[1]"[LinBiolinum_RB.otf]/OT:script=latn;language=DFLT;mapping=tex-text;m
apping=tex-text;+tnum;+onum;"
. 
. * 'bold small caps' with NFSS spec.:
. 
. <->s*[1]"[LinBiolinum_RB.otf]/OT:script=latn;language=DFLT;mapping=tex-text;m
apping=tex-text;+tnum;+onum;+smcp;+smcp;"
. and font adjustment code:
. 
. 
. * 'italic' with NFSS spec.:
. 
. <->s*[1]"[LinBiolinum_RI.otf]/OT:script=latn;language=DFLT;mapping=tex-text;m
apping=tex-text;+tnum;+onum;"
. 
. * 'small caps' with NFSS spec.:
. 
. <->s*[1]"[LinBiolinum_RI.otf]/OT:script=latn;language=DFLT;mapping=tex-text;m
apping=tex-text;+tnum;+onum;+smcp;+smcp;"
. and font adjustment code:
. 
. 
. * 'bold italic' with NFSS spec.:
. 
. <->s*[1]"[LinBiolinum_RBO.otf]/OT:script=latn;language=DFLT;mapping=tex-text;
mapping=tex-text;+tnum;+onum;"
. 
. * 'bold small caps' with NFSS spec.:
. 
. <->s*[1]"[LinBiolinum_RBO.otf]/OT:script=latn;language=DFLT;mapping=tex-text;
mapping=tex-text;+tnum;+onum;+smcp;+smcp;"
. and font adjustment code:
. 
.................................................
.................................................
. fontspec info: "defining-font"
. 
. Font family 'LinLibertine(1)' created for font 'LinLibertine' with options
. [Ligatures = TeX,Extension =
. .otf,SmallCapsFeatures={Letters=SmallCaps},Numbers =
. {Monospaced,OldStyle},UprightFont = *_R,ItalicFont = *_RI,BoldFont =
. *_RB,BoldItalicFont = *_RBI].
. 
. This font family consists of the following shapes:
. 
. * 'normal' with NFSS spec.:
. 
. <->"[LinLibertine_R.otf]/OT:script=latn;language=DFLT;mapping=tex-text;+tnum;
+onum;"
. 
. * 'small caps' with NFSS spec.:
. 
. <->"[LinLibertine_R.otf]/OT:script=latn;language=DFLT;mapping=tex-text;+tnum;
+onum;+smcp;+smcp;"
. and font adjustment code:
. 
. 
. * 'bold' with NFSS spec.:
. 
. <->"[LinLibertine_RB.otf]/OT:script=latn;language=DFLT;mapping=tex-text;+tnum
;+onum;"
. 
. * 'bold small caps' with NFSS spec.:
. 
. <->"[LinLibertine_RB.otf]/OT:script=latn;language=DFLT;mapping=tex-text;+tnum
;+onum;+smcp;+smcp;"
. and font adjustment code:
. 
. 
. * 'italic' with NFSS spec.:
. 
. <->"[LinLibertine_RI.otf]/OT:script=latn;language=DFLT;mapping=tex-text;+tnum
;+onum;"
. 
. * 'small caps' with NFSS spec.:
. 
. <->"[LinLibertine_RI.otf]/OT:script=latn;language=DFLT;mapping=tex-text;+tnum
;+onum;+smcp;+smcp;"
. and font adjustment code:
. 
. 
. * 'bold italic' with NFSS spec.:
. 
. <->"[LinLibertine_RBI.otf]/OT:script=latn;language=DFLT;mapping=tex-text;+tnu
m;+onum;"
. 
. * 'bold small caps' with NFSS spec.:
. 
. <->"[LinLibertine_RBI.otf]/OT:script=latn;language=DFLT;mapping=tex-text;+tnu
m;+onum;+smcp;+smcp;"
. and font adjustment code:
. 
.................................................
LaTeX Info: Redefining \libertine on input line 318.
Requested font "[LinLibertine_RZ.otf]/OT" at 10.0pt
 -> /usr/share/texmf-dist/fonts/opentype/public/libertine/LinLibertine_RZ.otf
Requested font "[LinLibertine_RZI.otf]/OT" at 10.0pt
 -> /usr/share/texmf-dist/fonts/opentype/public/libertine/LinLibertine_RZI.otf

*************************************************
* fontspec warning: "icu-feature-not-exist-in-font"
* 
* OpenType feature 'Numbers=Monospaced,OldStyle' (+tnum) not available for
* font 'LinLibertine_RZI' with script 'Latin' and language 'Default'.
*************************************************
*************************************************
* fontspec warning: "icu-feature-not-exist-in-font"
* 
* OpenType feature 'Numbers=Monospaced,OldStyle' (+tnum) not available for
* font 'LinLibertine_RZI' with script 'Latin' and language 'Default'.
*************************************************
.................................................
. fontspec info: "defining-font"
. 
. Font family 'LinLibertine(2)' created for font 'LinLibertine' with options
. [Ligatures = TeX,Extension =
. .otf,SmallCapsFeatures={Letters=SmallCaps},Numbers =
. {Monospaced,OldStyle},UprightFont = *_RZ,ItalicFont = *_RZI,BoldFont =
. *_RB,BoldItalicFont = *_RBI].
. 
. This font family consists of the following shapes:
. 
. * 'normal' with NFSS spec.:
. 
. <->"[LinLibertine_RZ.otf]/OT:script=latn;language=DFLT;mapping=tex-text;+tnum
;+onum;"
. 
. * 'small caps' with NFSS spec.:
. 
. <->"[LinLibertine_RZ.otf]/OT:script=latn;language=DFLT;mapping=tex-text;+tnum
;+onum;+smcp;+smcp;"
. and font adjustment code:
. 
. 
. * 'bold' with NFSS spec.:
. 
. <->"[LinLibertine_RB.otf]/OT:script=latn;language=DFLT;mapping=tex-text;+tnum
;+onum;"
. 
. * 'bold small caps' with NFSS spec.:
. 
. <->"[LinLibertine_RB.otf]/OT:script=latn;language=DFLT;mapping=tex-text;+tnum
;+onum;+smcp;+smcp;"
. and font adjustment code:
. 
. 
. * 'italic' with NFSS spec.:
. 
. <->"[LinLibertine_RZI.otf]/OT:script=latn;language=DFLT;mapping=tex-text;+onu
m;"
. 
. * 'small caps' with NFSS spec.:
. 
. <->"[LinLibertine_RZI.otf]/OT:script=latn;language=DFLT;mapping=tex-text;+onu
m;+smcp;+smcp;"
. and font adjustment code:
. 
. 
. * 'bold italic' with NFSS spec.:
. 
. <->"[LinLibertine_RBI.otf]/OT:script=latn;language=DFLT;mapping=tex-text;+tnu
m;+onum;"
. 
. * 'bold small caps' with NFSS spec.:
. 
. <->"[LinLibertine_RBI.otf]/OT:script=latn;language=DFLT;mapping=tex-text;+tnu
m;+onum;+smcp;+smcp;"
. and font adjustment code:
. 
.................................................
.................................................
. fontspec info: "defining-font"
. 
. Font family 'LinLibertine(3)' created for font 'LinLibertine' with options
. [Ligatures = TeX,Extension =
. .otf,SmallCapsFeatures={Letters=SmallCaps},Numbers =
. {Monospaced,Lining},UprightFont = *_R,ItalicFont = *_RI,BoldFont =
. *_RB,BoldItalicFont = *_RBI].
. 
. This font family consists of the following shapes:
. 
. * 'normal' with NFSS spec.:
. 
. <->"[LinLibertine_R.otf]/OT:script=latn;language=DFLT;mapping=tex-text;+tnum;
+lnum;"
. 
. * 'small caps' with NFSS spec.:
. 
. <->"[LinLibertine_R.otf]/OT:script=latn;language=DFLT;mapping=tex-text;+tnum;
+lnum;+smcp;+smcp;"
. and font adjustment code:
. 
. 
. * 'bold' with NFSS spec.:
. 
. <->"[LinLibertine_RB.otf]/OT:script=latn;language=DFLT;mapping=tex-text;+tnum
;+lnum;"
. 
. * 'bold small caps' with NFSS spec.:
. 
. <->"[LinLibertine_RB.otf]/OT:script=latn;language=DFLT;mapping=tex-text;+tnum
;+lnum;+smcp;+smcp;"
. and font adjustment code:
. 
. 
. * 'italic' with NFSS spec.:
. 
. <->"[LinLibertine_RI.otf]/OT:script=latn;language=DFLT;mapping=tex-text;+tnum
;+lnum;"
. 
. * 'small caps' with NFSS spec.:
. 
. <->"[LinLibertine_RI.otf]/OT:script=latn;language=DFLT;mapping=tex-text;+tnum
;+lnum;+smcp;+smcp;"
. and font adjustment code:
. 
. 
. * 'bold italic' with NFSS spec.:
. 
. <->"[LinLibertine_RBI.otf]/OT:script=latn;language=DFLT;mapping=tex-text;+tnu
m;+lnum;"
. 
. * 'bold small caps' with NFSS spec.:
. 
. <->"[LinLibertine_RBI.otf]/OT:script=latn;language=DFLT;mapping=tex-text;+tnu
m;+lnum;+smcp;+smcp;"
. and font adjustment code:
. 
.................................................
Requested font "[LinLibertine_DR.otf]/OT" at 10.0pt
 -> /usr/share/texmf-dist/fonts/opentype/public/libertine/LinLibertine_DR.otf
.................................................
. fontspec info: "defining-font"
. 
. Font family 'LinLibertine(4)' created for font 'LinLibertine' with options
. [Ligatures = TeX,Extension =
. .otf,SmallCapsFeatures={Letters=SmallCaps},Numbers =
. {Monospaced,OldStyle},UprightFont = *_DR,ItalicFont = *_RI,BoldFont =
. *_RB,BoldItalicFont = *_RBI].
. 
. This font family consists of the following shapes:
. 
. * 'normal' with NFSS spec.:
. 
. <->"[LinLibertine_DR.otf]/OT:script=latn;language=DFLT;mapping=tex-text;+tnum
;+onum;"
. 
. * 'small caps' with NFSS spec.:
. 
. and font adjustment code:
. 
. 
. * 'bold' with NFSS spec.:
. 
. <->"[LinLibertine_RB.otf]/OT:script=latn;language=DFLT;mapping=tex-text;+tnum
;+onum;"
. 
. * 'bold small caps' with NFSS spec.:
. 
. <->"[LinLibertine_RB.otf]/OT:script=latn;language=DFLT;mapping=tex-text;+tnum
;+onum;+smcp;+smcp;"
. and font adjustment code:
. 
. 
. * 'italic' with NFSS spec.:
. 
. <->"[LinLibertine_RI.otf]/OT:script=latn;language=DFLT;mapping=tex-text;+tnum
;+onum;"
. 
. * 'small caps' with NFSS spec.:
. 
. <->"[LinLibertine_RI.otf]/OT:script=latn;language=DFLT;mapping=tex-text;+tnum
;+onum;+smcp;+smcp;"
. and font adjustment code:
. 
. 
. * 'bold italic' with NFSS spec.:
. 
. <->"[LinLibertine_RBI.otf]/OT:script=latn;language=DFLT;mapping=tex-text;+tnu
m;+onum;"
. 
. * 'bold small caps' with NFSS spec.:
. 
. <->"[LinLibertine_RBI.otf]/OT:script=latn;language=DFLT;mapping=tex-text;+tnu
m;+onum;+smcp;+smcp;"
. and font adjustment code:
. 
.................................................
.................................................
. fontspec info: "defining-font"
. 
. Font family 'LinBiolinum(1)' created for font 'LinBiolinum' with options
. [Ligatures = TeX,Extension =
. .otf,SmallCapsFeatures={Letters=SmallCaps},Numbers = {Monospaced,
. OldStyle},Scale = 1,UprightFont = *_R,ItalicFont = *_RI,BoldFont =
. *_RB,BoldItalicFont = *_RBO].
. 
. This font family consists of the following shapes:
. 
. * 'normal' with NFSS spec.:
. 
. <->s*[1]"[LinBiolinum_R.otf]/OT:script=latn;language=DFLT;mapping=tex-text;+t
num;+onum;"
. 
. * 'small caps' with NFSS spec.:
. 
. <->s*[1]"[LinBiolinum_R.otf]/OT:script=latn;language=DFLT;mapping=tex-text;+t
num;+onum;+smcp;+smcp;"
. and font adjustment code:
. 
. 
. * 'bold' with NFSS spec.:
. 
. <->s*[1]"[LinBiolinum_RB.otf]/OT:script=latn;language=DFLT;mapping=tex-text;+
tnum;+onum;"
. 
. * 'bold small caps' with NFSS spec.:
. 
. <->s*[1]"[LinBiolinum_RB.otf]/OT:script=latn;language=DFLT;mapping=tex-text;+
tnum;+onum;+smcp;+smcp;"
. and font adjustment code:
. 
. 
. * 'italic' with NFSS spec.:
. 
. <->s*[1]"[LinBiolinum_RI.otf]/OT:script=latn;language=DFLT;mapping=tex-text;+
tnum;+onum;"
. 
. * 'small caps' with NFSS spec.:
. 
. <->s*[1]"[LinBiolinum_RI.otf]/OT:script=latn;language=DFLT;mapping=tex-text;+
tnum;+onum;+smcp;+smcp;"
. and font adjustment code:
. 
. 
. * 'bold italic' with NFSS spec.:
. 
. <->s*[1]"[LinBiolinum_RBO.otf]/OT:script=latn;language=DFLT;mapping=tex-text;
+tnum;+onum;"
. 
. * 'bold small caps' with NFSS spec.:
. 
. <->s*[1]"[LinBiolinum_RBO.otf]/OT:script=latn;language=DFLT;mapping=tex-text;
+tnum;+onum;+smcp;+smcp;"
. and font adjustment code:
. 
.................................................
.................................................
. fontspec info: "defining-font"
. 
. Font family 'LinBiolinum(2)' created for font 'LinBiolinum' with options
. [Ligatures = TeX,Extension =
. .otf,SmallCapsFeatures={Letters=SmallCaps},Numbers = {Monospaced},Scale =
. 1,UprightFont = *_R,ItalicFont = *_RI,BoldFont = *_RB,BoldItalicFont =
. *_RBO].
. 
. This font family consists of the following shapes:
. 
. * 'normal' with NFSS spec.:
. 
. <->s*[1]"[LinBiolinum_R.otf]/OT:script=latn;language=DFLT;mapping=tex-text;+t
num;"
. 
. * 'small caps' with NFSS spec.:
. 
. <->s*[1]"[LinBiolinum_R.otf]/OT:script=latn;language=DFLT;mapping=tex-text;+t
num;+smcp;+smcp;"
. and font adjustment code:
. 
. 
. * 'bold' with NFSS spec.:
. 
. <->s*[1]"[LinBiolinum_RB.otf]/OT:script=latn;language=DFLT;mapping=tex-text;+
tnum;"
. 
. * 'bold small caps' with NFSS spec.:
. 
. <->s*[1]"[LinBiolinum_RB.otf]/OT:script=latn;language=DFLT;mapping=tex-text;+
tnum;+smcp;+smcp;"
. and font adjustment code:
. 
. 
. * 'italic' with NFSS spec.:
. 
. <->s*[1]"[LinBiolinum_RI.otf]/OT:script=latn;language=DFLT;mapping=tex-text;+
tnum;"
. 
. * 'small caps' with NFSS spec.:
. 
. <->s*[1]"[LinBiolinum_RI.otf]/OT:script=latn;language=DFLT;mapping=tex-text;+
tnum;+smcp;+smcp;"
. and font adjustment code:
. 
. 
. * 'bold italic' with NFSS spec.:
. 
. <->s*[1]"[LinBiolinum_RBO.otf]/OT:script=latn;language=DFLT;mapping=tex-text;
+tnum;"
. 
. * 'bold small caps' with NFSS spec.:
. 
. <->s*[1]"[LinBiolinum_RBO.otf]/OT:script=latn;language=DFLT;mapping=tex-text;
+tnum;+smcp;+smcp;"
. and font adjustment code:
. 
.................................................
Requested font "[LinLibertine_M.otf]/OT" at 10.0pt
 -> /usr/share/texmf-dist/fonts/opentype/public/libertine/LinLibertine_M.otf
Requested font "[LinLibertine_MB.otf]/OT" at 10.0pt
 -> /usr/share/texmf-dist/fonts/opentype/public/libertine/LinLibertine_MB.otf
Requested font "[LinLibertine_MO.otf]/OT" at 10.0pt
 -> /usr/share/texmf-dist/fonts/opentype/public/libertine/LinLibertine_MO.otf
Requested font "[LinLibertine_MBO.otf]/OT" at 10.0pt
 -> /usr/share/texmf-dist/fonts/opentype/public/libertine/LinLibertine_MBO.otf
.................................................
. fontspec info: "defining-font"
. 
. Font family 'LinLibertine(5)' created for font 'LinLibertine' with options
. [Extension = .otf,WordSpace={1,0,0},PunctuationSpace=WordSpace,Scale =
. 1,UprightFont = *_M,ItalicFont = *_MO,BoldFont = *_MB,BoldItalicFont =
. *_MBO].
. 
. This font family consists of the following shapes:
. 
. * 'normal' with NFSS spec.:
. <->s*[1]"[LinLibertine_M.otf]/OT:script=latn;language=DFLT;"
. 
. * 'small caps' with NFSS spec.:
. 
. and font adjustment code:
. \fontdimen 2\font =1\fontdimen 2\font \fontdimen 3\font =0\fontdimen 3\font
. \fontdimen 4\font =0\fontdimen 4\font \fontdimen 7\font =0\fontdimen 2\font 
. 
. * 'bold' with NFSS spec.:
. <->s*[1]"[LinLibertine_MB.otf]/OT:script=latn;language=DFLT;"
. 
. * 'bold small caps' with NFSS spec.:
. 
. and font adjustment code:
. \fontdimen 2\font =1\fontdimen 2\font \fontdimen 3\font =0\fontdimen 3\font
. \fontdimen 4\font =0\fontdimen 4\font \fontdimen 7\font =0\fontdimen 2\font 
. 
. * 'italic' with NFSS spec.:
. <->s*[1]"[LinLibertine_MO.otf]/OT:script=latn;language=DFLT;"
. 
. * 'small caps' with NFSS spec.:
. 
. and font adjustment code:
. \fontdimen 2\font =1\fontdimen 2\font \fontdimen 3\font =0\fontdimen 3\font
. \fontdimen 4\font =0\fontdimen 4\font \fontdimen 7\font =0\fontdimen 2\font 
. 
. * 'bold italic' with NFSS spec.:
. <->s*[1]"[LinLibertine_MBO.otf]/OT:script=latn;language=DFLT;"
. 
. * 'bold small caps' with NFSS spec.:
. 
. and font adjustment code:
. \fontdimen 2\font =1\fontdimen 2\font \fontdimen 3\font =0\fontdimen 3\font
. \fontdimen 4\font =0\fontdimen 4\font \fontdimen 7\font =0\fontdimen 2\font 
.................................................
.................................................
. fontspec info: "defining-font"
. 
. Font family 'LinLibertine(6)' created for font 'LinLibertine' with options
. [Extension = .otf,Scale = 1,UprightFont = *_M,ItalicFont = *_MO,BoldFont =
. *_MB,BoldItalicFont = *_MBO].
. 
. This font family consists of the following shapes:
. 
. * 'normal' with NFSS spec.:
. <->s*[1]"[LinLibertine_M.otf]/OT:script=latn;language=DFLT;"
. 
. * 'small caps' with NFSS spec.:
. 
. and font adjustment code:
. 
. 
. * 'bold' with NFSS spec.:
. <->s*[1]"[LinLibertine_MB.otf]/OT:script=latn;language=DFLT;"
. 
. * 'bold small caps' with NFSS spec.:
. 
. and font adjustment code:
. 
. 
. * 'italic' with NFSS spec.:
. <->s*[1]"[LinLibertine_MO.otf]/OT:script=latn;language=DFLT;"
. 
. * 'small caps' with NFSS spec.:
. 
. and font adjustment code:
. 
. 
. * 'bold italic' with NFSS spec.:
. <->s*[1]"[LinLibertine_MBO.otf]/OT:script=latn;language=DFLT;"
. 
. * 'bold small caps' with NFSS spec.:
. 
. and font adjustment code:
. 
.................................................
Requested font "[LinBiolinum_K.otf]/OT" at 10.0pt
 -> /usr/share/texmf-dist/fonts/opentype/public/libertine/LinBiolinum_K.otf
\g__fontspec_family_LinBiolinum_K_int=\count144
.................................................
. fontspec info: "defining-font"
. 
. Font family 'LinBiolinum_K(0)' created for font 'LinBiolinum_K' with options
. [Extension = .otf,BoldFont={},ItalicFont={},SmallCapsFont={}].
. 
. This font family consists of the following shapes:
. 
. * 'normal' with NFSS spec.:
. <->"[LinBiolinum_K.otf]/OT:script=latn;language=DFLT;"
. 
. * 'small caps' with NFSS spec.:
. 
. and font adjustment code:
. 
.................................................
Requested font "[LinLibertine_I.otf]/OT" at 10.0pt
 -> /usr/share/texmf-dist/fonts/opentype/public/libertine/LinLibertine_I.otf
\g__fontspec_family_LinLibertine_I_int=\count145
.................................................
. fontspec info: "defining-font"
. 
. Font family 'LinLibertine_I(0)' created for font 'LinLibertine_I' with
. options [Extension = .otf,BoldFont={},ItalicFont={},SmallCapsFont={}].
. 
. This font family consists of the following shapes:
. 
. * 'normal' with NFSS spec.:
. <->"[LinLibertine_I.otf]/OT:script=latn;language=DFLT;"
. 
. * 'small caps' with NFSS spec.:
. 
. and font adjustment code:
. 
.................................................
LaTeX Info: Redefining \oldstylenums on input line 458.
LaTeX Info: Redefining \liningnums on input line 459.
.................................................
. fontspec info: "defining-font"
. 
. Font family 'LinLibertine(7)' created for font 'LinLibertine' with options
. [Extension = .otf,Numbers = {Monospaced,OldStyle},UprightFont =
. *_R,ItalicFont = *_RI,BoldFont = *_RB,BoldItalicFont = *_RBI].
. 
. This font family consists of the following shapes:
. 
. * 'normal' with NFSS spec.:
. <->"[LinLibertine_R.otf]/OT:script=latn;language=DFLT;+tnum;+onum;"
. 
. * 'small caps' with NFSS spec.:
. <->"[LinLibertine_R.otf]/OT:script=latn;language=DFLT;+tnum;+onum;+smcp;"
. and font adjustment code:
. 
. 
. * 'bold' with NFSS spec.:
. <->"[LinLibertine_RB.otf]/OT:script=latn;language=DFLT;+tnum;+onum;"
. 
. * 'bold small caps' with NFSS spec.:
. <->"[LinLibertine_RB.otf]/OT:script=latn;language=DFLT;+tnum;+onum;+smcp;"
. and font adjustment code:
. 
. 
. * 'italic' with NFSS spec.:
. <->"[LinLibertine_RI.otf]/OT:script=latn;language=DFLT;+tnum;+onum;"
. 
. * 'small caps' with NFSS spec.:
. <->"[LinLibertine_RI.otf]/OT:script=latn;language=DFLT;+tnum;+onum;+smcp;"
. and font adjustment code:
. 
. 
. * 'bold italic' with NFSS spec.:
. <->"[LinLibertine_RBI.otf]/OT:script=latn;language=DFLT;+tnum;+onum;"
. 
. * 'bold small caps' with NFSS spec.:
. <->"[LinLibertine_RBI.otf]/OT:script=latn;language=DFLT;+tnum;+onum;+smcp;"
. and font adjustment code:
. 
.................................................
.................................................
. fontspec info: "defining-font"
. 
. Font family 'LinLibertine(8)' created for font 'LinLibertine' with options
. [Extension = .otf,Numbers = {Proportional,OldStyle},UprightFont =
. *_R,ItalicFont = *_RI,BoldFont = *_RB,BoldItalicFont = *_RBI].
. 
. This font family consists of the following shapes:
. 
. * 'normal' with NFSS spec.:
. <->"[LinLibertine_R.otf]/OT:script=latn;language=DFLT;+pnum;+onum;"
. 
. * 'small caps' with NFSS spec.:
. <->"[LinLibertine_R.otf]/OT:script=latn;language=DFLT;+pnum;+onum;+smcp;"
. and font adjustment code:
. 
. 
. * 'bold' with NFSS spec.:
. <->"[LinLibertine_RB.otf]/OT:script=latn;language=DFLT;+pnum;+onum;"
. 
. * 'bold small caps' with NFSS spec.:
. <->"[LinLibertine_RB.otf]/OT:script=latn;language=DFLT;+pnum;+onum;+smcp;"
. and font adjustment code:
. 
. 
. * 'italic' with NFSS spec.:
. <->"[LinLibertine_RI.otf]/OT:script=latn;language=DFLT;+pnum;+onum;"
. 
. * 'small caps' with NFSS spec.:
. <->"[LinLibertine_RI.otf]/OT:script=latn;language=DFLT;+pnum;+onum;+smcp;"
. and font adjustment code:
. 
. 
. * 'bold italic' with NFSS spec.:
. <->"[LinLibertine_RBI.otf]/OT:script=latn;language=DFLT;+pnum;+onum;"
. 
. * 'bold small caps' with NFSS spec.:
. <->"[LinLibertine_RBI.otf]/OT:script=latn;language=DFLT;+pnum;+onum;+smcp;"
. and font adjustment code:
. 
.................................................
.................................................
. fontspec info: "defining-font"
. 
. Font family 'LinBiolinum(3)' created for font 'LinBiolinum' with options
. [Extension = .otf,Numbers = {Monospaced,OldStyle},Scale = 1,UprightFont =
. *_R,ItalicFont = *_RI,BoldFont = *_RB,BoldItalicFont = *_RBO].
. 
. This font family consists of the following shapes:
. 
. * 'normal' with NFSS spec.:
. <->s*[1]"[LinBiolinum_R.otf]/OT:script=latn;language=DFLT;+tnum;+onum;"
. 
. * 'small caps' with NFSS spec.:
. 
. <->s*[1]"[LinBiolinum_R.otf]/OT:script=latn;language=DFLT;+tnum;+onum;+smcp;"

. and font adjustment code:
. 
. 
. * 'bold' with NFSS spec.:
. <->s*[1]"[LinBiolinum_RB.otf]/OT:script=latn;language=DFLT;+tnum;+onum;"
. 
. * 'bold small caps' with NFSS spec.:
. 
. <->s*[1]"[LinBiolinum_RB.otf]/OT:script=latn;language=DFLT;+tnum;+onum;+smcp;
"
. and font adjustment code:
. 
. 
. * 'italic' with NFSS spec.:
. <->s*[1]"[LinBiolinum_RI.otf]/OT:script=latn;language=DFLT;+tnum;+onum;"
. 
. * 'small caps' with NFSS spec.:
. 
. <->s*[1]"[LinBiolinum_RI.otf]/OT:script=latn;language=DFLT;+tnum;+onum;+smcp;
"
. and font adjustment code:
. 
. 
. * 'bold italic' with NFSS spec.:
. <->s*[1]"[LinBiolinum_RBO.otf]/OT:script=latn;language=DFLT;+tnum;+onum;"
. 
. * 'bold small caps' with NFSS spec.:
. 
. <->s*[1]"[LinBiolinum_RBO.otf]/OT:script=latn;language=DFLT;+tnum;+onum;+smcp
;"
. and font adjustment code:
. 
.................................................
.................................................
. fontspec info: "defining-font"
. 
. Font family 'LinBiolinum(4)' created for font 'LinBiolinum' with options
. [Extension = .otf,Numbers = {Proportional,OldStyle},Scale = 1,UprightFont =
. *_R,ItalicFont = *_RI,BoldFont = *_RB,BoldItalicFont = *_RBO].
. 
. This font family consists of the following shapes:
. 
. * 'normal' with NFSS spec.:
. <->s*[1]"[LinBiolinum_R.otf]/OT:script=latn;language=DFLT;+pnum;+onum;"
. 
. * 'small caps' with NFSS spec.:
. 
. <->s*[1]"[LinBiolinum_R.otf]/OT:script=latn;language=DFLT;+pnum;+onum;+smcp;"

. and font adjustment code:
. 
. 
. * 'bold' with NFSS spec.:
. <->s*[1]"[LinBiolinum_RB.otf]/OT:script=latn;language=DFLT;+pnum;+onum;"
. 
. * 'bold small caps' with NFSS spec.:
. 
. <->s*[1]"[LinBiolinum_RB.otf]/OT:script=latn;language=DFLT;+pnum;+onum;+smcp;
"
. and font adjustment code:
. 
. 
. * 'italic' with NFSS spec.:
. <->s*[1]"[LinBiolinum_RI.otf]/OT:script=latn;language=DFLT;+pnum;+onum;"
. 
. * 'small caps' with NFSS spec.:
. 
. <->s*[1]"[LinBiolinum_RI.otf]/OT:script=latn;language=DFLT;+pnum;+onum;+smcp;
"
. and font adjustment code:
. 
. 
. * 'bold italic' with NFSS spec.:
. <->s*[1]"[LinBiolinum_RBO.otf]/OT:script=latn;language=DFLT;+pnum;+onum;"
. 
. * 'bold small caps' with NFSS spec.:
. 
. <->s*[1]"[LinBiolinum_RBO.otf]/OT:script=latn;language=DFLT;+pnum;+onum;+smcp
;"
. and font adjustment code:
. 
.................................................
(/usr/share/texmf-dist/tex/latex/libertine/LinLibertine_R.tex)
(/usr/share/texmf-dist/tex/latex/libertine/LinBiolinum_R.tex)
(/usr/share/texmf-dist/tex/latex/libertine/LinBiolinum_K.tex)
(/usr/share/texmf-dist/tex/latex/libertine/LinLibertine_I.tex)
(/usr/share/texmf-dist/tex/latex/libertine/LKey.tex))
LaTeX Font Info:    Try loading font information for EU1+LinuxLibertineO-OsF on
 input line 93.
LaTeX Font Info:    No file EU1LinuxLibertineO-OsF.fd. on input line 93.


LaTeX Font Warning: Font shape `EU1/LinuxLibertineO-OsF/m/n' undefined
(Font)              using `EU1/lmr/m/n' instead on input line 93.

(/usr/share/texmf-dist/tex/latex/unicode-math/unicode-math.sty
Package: unicode-math 2015/09/24 v0.8c Unicode maths in XeLaTeX and LuaLaTeX

(/usr/share/texmf-dist/tex/latex/ucharcat/ucharcat.sty
Package: ucharcat 2015/08/23 v0.02 ucharcat for luaLaTeX (DPC)
)
(/usr/share/texmf-dist/tex/latex/l3packages/l3keys2e/l3keys2e.sty
Package: l3keys2e 2015/11/04 v6224 LaTeX2e option processing using LaTeX3 keys
)
(/usr/share/texmf-dist/tex/latex/base/fix-cm.sty
Package: fix-cm 2015/01/14 v1.1t fixes to LaTeX

(/usr/share/texmf-dist/tex/latex/base/ts1enc.def
File: ts1enc.def 2001/06/05 v3.0e (jk/car/fm) Standard LaTeX file
LaTeX Font Info:    Redeclaring font encoding TS1 on input line 47.
))
(/usr/share/texmf-dist/tex/latex/filehook/filehook.sty
Package: filehook 2011/10/12 v0.5d Hooks for input files
)
\g__um_fam_int=\count146
\g__um_primekern_muskip=\muskip17
\l__um_primecount_int=\count147
.................................................
. LaTeX info: "xparse/define-command"
. 
. Defining command \unimathsetup with sig. 'm' on line 168.
.................................................

(/usr/share/texmf-dist/tex/latex/unicode-math/unicode-math-xetex.sty
.................................................
. LaTeX info: "xparse/define-command"
. 
. Defining command \setmathfontface with sig. 'mO{}mO{}' on line 165.
.................................................
.................................................
. LaTeX info: "xparse/define-command"
. 
. Defining command \setoperatorfont with sig. 'm' on line 169.
.................................................
.................................................
. LaTeX info: "xparse/define-command"
. 
. Defining command \setmathfont with sig. 'O{}mO{}' on line 278.
.................................................
.................................................
. LaTeX info: "xparse/define-command"
. 
. Defining command \addnolimits with sig. 'm' on line 520.
.................................................
.................................................
. LaTeX info: "xparse/define-command"
. 
. Defining command \removenolimits with sig. 'm' on line 524.
.................................................

(/usr/share/texmf-dist/tex/latex/unicode-math/unicode-math-table.tex)))
(/usr/share/texmf-dist/tex/latex/titlesec/titlesec.sty
Package: titlesec 2011/12/15 v2.10.0 Sectioning titles
\ttl@box=\box73
\beforetitleunit=\skip51
\aftertitleunit=\skip52
\ttl@plus=\dimen163
\ttl@minus=\dimen164
\ttl@toksa=\toks22
\titlewidth=\dimen165
\titlewidthlast=\dimen166
\titlewidthfirst=\dimen167
)
(/usr/share/texmf-dist/tex/latex/sectsty/sectsty.sty
Package: sectsty 2002/02/25 v2.0.2 Commands to change all sectional heading sty
les


LaTeX Warning: Command \underbar  has changed.
               Check if current package is valid.

) (/usr/share/texmf-dist/tex/latex/oberdiek/bookmark.sty
Package: bookmark 2011/12/02 v1.24 PDF bookmarks (HO)

(/usr/share/texmf-dist/tex/generic/oberdiek/pdfescape.sty
Package: pdfescape 2011/11/25 v1.13 Implements pdfTeX's escape features (HO)

(/usr/share/texmf-dist/tex/generic/oberdiek/pdftexcmds.sty
Package: pdftexcmds 2011/11/29 v0.20 Utility functions of pdfTeX for LuaTeX (HO
)
Package pdftexcmds Info: LuaTeX not detected.
Package pdftexcmds Info: pdfTeX >= 1.30 not detected.
Package pdftexcmds Info: \pdf@primitive is available.
Package pdftexcmds Info: \pdf@ifprimitive is available.
Package pdftexcmds Info: \pdfdraftmode not found.
))
(/usr/share/texmf-dist/tex/latex/hyperref/hyperref.sty
Package: hyperref 2012/11/06 v6.83m Hypertext links for LaTeX

(/usr/share/texmf-dist/tex/generic/oberdiek/hobsub-hyperref.sty
Package: hobsub-hyperref 2012/05/28 v1.13 Bundle oberdiek, subset hyperref (HO)


(/usr/share/texmf-dist/tex/generic/oberdiek/hobsub-generic.sty
Package: hobsub-generic 2012/05/28 v1.13 Bundle oberdiek, subset generic (HO)
Package: hobsub 2012/05/28 v1.13 Construct package bundles (HO)
Package hobsub Info: Skipping package `infwarerr' (already loaded).
Package hobsub Info: Skipping package `ltxcmds' (already loaded).
Package hobsub Info: Skipping package `ifluatex' (already loaded).
Package hobsub Info: Skipping package `ifvtex' (already loaded).
Package: intcalc 2007/09/27 v1.1 Expandable calculations with integers (HO)
Package hobsub Info: Skipping package `ifpdf' (already loaded).
Package: etexcmds 2011/02/16 v1.5 Avoid name clashes with e-TeX commands (HO)
Package etexcmds Info: Could not find \expanded.
(etexcmds)             That can mean that you are not using pdfTeX 1.50 or
(etexcmds)             that some package has redefined \expanded.
(etexcmds)             In the latter case, load this package earlier.
Package: kvsetkeys 2012/04/25 v1.16 Key value parser (HO)
Package: kvdefinekeys 2011/04/07 v1.3 Define keys (HO)
Package hobsub Info: Skipping package `pdftexcmds' (already loaded).
Package hobsub Info: Skipping package `pdfescape' (already loaded).
Package: bigintcalc 2012/04/08 v1.3 Expandable calculations on big integers (HO
)
Package: bitset 2011/01/30 v1.1 Handle bit-vector datatype (HO)
Package: uniquecounter 2011/01/30 v1.2 Provide unlimited unique counter (HO)
)
Package hobsub Info: Skipping package `hobsub' (already loaded).
Package hobsub Info: Skipping package `letltxmacro' (already loaded).
Package: hopatch 2012/05/28 v1.2 Wrapper for package hooks (HO)
Package: xcolor-patch 2011/01/30 xcolor patch
Package: atveryend 2011/06/30 v1.8 Hooks at the very end of document (HO)
Package atveryend Info: \enddocument detected (standard20110627).
Package: atbegshi 2011/10/05 v1.16 At begin shipout hook (HO)
Package: refcount 2011/10/16 v3.4 Data extraction from label references (HO)
Package: hycolor 2011/01/30 v1.7 Color options for hyperref/bookmark (HO)
)
(/usr/share/texmf-dist/tex/latex/oberdiek/auxhook.sty
Package: auxhook 2011/03/04 v1.3 Hooks for auxiliary files (HO)
)
(/usr/share/texmf-dist/tex/latex/oberdiek/kvoptions.sty
Package: kvoptions 2011/06/30 v3.11 Key value format for package options (HO)
)
\@linkdim=\dimen168
\Hy@linkcounter=\count148
\Hy@pagecounter=\count149

(/usr/share/texmf-dist/tex/latex/hyperref/pd1enc.def
File: pd1enc.def 2012/11/06 v6.83m Hyperref: PDFDocEncoding definition (HO)
)
\Hy@SavedSpaceFactor=\count150

(/usr/share/texmf-dist/tex/latex/latexconfig/hyperref.cfg
File: hyperref.cfg 2002/06/06 v1.2 hyperref configuration of TeXLive
)
Package hyperref Info: Hyper figures OFF on input line 4443.
Package hyperref Info: Link nesting OFF on input line 4448.
Package hyperref Info: Hyper index ON on input line 4451.
Package hyperref Info: Plain pages OFF on input line 4458.
Package hyperref Info: Backreferencing OFF on input line 4463.
Package hyperref Info: Implicit mode ON; LaTeX internals redefined.
Package hyperref Info: Bookmarks ON on input line 4688.
\c@Hy@tempcnt=\count151
LaTeX Info: Redefining \url on input line 5041.
\XeTeXLinkMargin=\dimen169
Requested font "pzdr" at 0.00002pt
 -> /usr/share/texmf-dist/fonts/tfm/adobe/zapfding/pzdr.tfm
\Fld@menulength=\count152
\Field@Width=\dimen170
\Fld@charsize=\dimen171
Package hyperref Info: Hyper figures OFF on input line 6295.
Package hyperref Info: Link nesting OFF on input line 6300.
Package hyperref Info: Hyper index ON on input line 6303.
Package hyperref Info: backreferencing OFF on input line 6310.
Package hyperref Info: Link coloring OFF on input line 6315.
Package hyperref Info: Link coloring with OCG OFF on input line 6320.
Package hyperref Info: PDF/A mode OFF on input line 6325.
LaTeX Info: Redefining \ref on input line 6365.
LaTeX Info: Redefining \pageref on input line 6369.
\Hy@abspage=\count153
\c@Item=\count154
\c@Hfootnote=\count155
)

Package hyperref Message: Driver (autodetected): hxetex.

(/usr/share/texmf-dist/tex/latex/hyperref/hxetex.def
File: hxetex.def 2012/11/06 v6.83m Hyperref driver for XeTeX

(/usr/share/texmf-dist/tex/latex/hyperref/puenc.def
File: puenc.def 2012/11/06 v6.83m Hyperref: PDF Unicode definition (HO)
)
(/usr/share/texmf-dist/tex/generic/oberdiek/stringenc.sty
Package: stringenc 2011/12/02 v1.10 Convert strings between diff. encodings (HO
)
)
\pdfm@box=\box74
\c@Hy@AnnotLevel=\count156
\HyField@AnnotCount=\count157
\Fld@listcount=\count158
\c@bookmark@seq@number=\count159

(/usr/share/texmf-dist/tex/latex/oberdiek/rerunfilecheck.sty
Package: rerunfilecheck 2011/04/15 v1.7 Rerun checks for auxiliary files (HO)
Package rerunfilecheck Info: Feature \pdfmdfivesum is not available
(rerunfilecheck)             (e.g. pdfTeX or LuaTeX with package `pdftexcmds').

(rerunfilecheck)             Therefore file contents cannot be checked efficien
tly
(rerunfilecheck)             and the loading of the package is aborted.
)
\Hy@SectionHShift=\skip53
)
(/usr/share/texmf-dist/tex/latex/oberdiek/bkm-dvipdfm.def
File: bkm-dvipdfm.def 2011/12/02 v1.24 bookmark driver for dvipdfm (HO)
\BKM@id=\count160
)) (./alice.aux)
\openout1 = `alice.aux'.

LaTeX Font Info:    Checking defaults for OML/cmm/m/it on input line 137.
LaTeX Font Info:    ... okay on input line 137.
LaTeX Font Info:    Checking defaults for T1/cmr/m/n on input line 137.
LaTeX Font Info:    ... okay on input line 137.
LaTeX Font Info:    Checking defaults for OT1/cmr/m/n on input line 137.
LaTeX Font Info:    ... okay on input line 137.
LaTeX Font Info:    Checking defaults for OMS/cmsy/m/n on input line 137.
LaTeX Font Info:    ... okay on input line 137.
LaTeX Font Info:    Checking defaults for OMX/cmex/m/n on input line 137.
LaTeX Font Info:    ... okay on input line 137.
LaTeX Font Info:    Checking defaults for U/cmr/m/n on input line 137.
LaTeX Font Info:    ... okay on input line 137.
LaTeX Font Info:    Checking defaults for T3/cmr/m/n on input line 137.
LaTeX Font Info:    Try loading font information for T3+cmr on input line 137.

(/usr/share/texmf-dist/tex/latex/tipa/t3cmr.fd
File: t3cmr.fd 2001/12/31 TIPA font definitions
)
LaTeX Font Info:    ... okay on input line 137.
LaTeX Font Info:    Checking defaults for EU1/lmr/m/n on input line 137.
LaTeX Font Info:    ... okay on input line 137.
LaTeX Font Info:    Checking defaults for TS1/cmr/m/n on input line 137.
LaTeX Font Info:    ... okay on input line 137.
LaTeX Font Info:    Checking defaults for PD1/pdf/m/n on input line 137.
LaTeX Font Info:    ... okay on input line 137.
LaTeX Font Info:    Checking defaults for PU/pdf/m/n on input line 137.
LaTeX Font Info:    ... okay on input line 137.

*geometry* driver: auto-detecting
*geometry* detected driver: xetex
*geometry* verbose mode - [ preamble ] result:
* driver: xetex
* paper: a4paper
* layout: <same size as paper>
* layoutoffset:(h,v)=(0.0pt,0.0pt)
* modes: twoside 
* h-part:(L,W,R)=(23.12692pt, 551.25403pt, 23.12692pt)
* v-part:(T,H,B)=(23.12692pt, 798.793pt, 23.12692pt)
* \paperwidth=597.50787pt
* \paperheight=845.04684pt
* \textwidth=551.25403pt
* \textheight=798.793pt
* \oddsidemargin=-49.14307pt
* \evensidemargin=-49.14307pt
* \topmargin=-81.01686pt
* \headheight=12.0pt
* \headsep=19.8738pt
* \topskip=12.0pt
* \footskip=30.0pt
* \marginparwidth=98.0pt
* \marginparsep=7.0pt
* \columnsep=7.22743pt
* \skip\footins=10.8pt plus 4.0pt minus 2.0pt
* \hoffset=0.0pt
* \voffset=0.0pt
* \mag=1000
* \@twocolumnfalse
* \@twosidetrue
* \@mparswitchtrue
* \@reversemarginfalse
* (1in=72.27pt=25.4mm, 1cm=28.453pt)

Requested font "[latinmodern-math.otf]/OT" at 12.0pt
 -> /usr/share/texmf-dist/fonts/opentype/public/lm-math/latinmodern-math.otf
\g__fontspec_family_latinmodern-math.otf_int=\count161
Requested font "[latinmodern-math]/OT" at 12.0pt
 -> /usr/share/texmf-dist/fonts/opentype/public/lm-math/latinmodern-math.otf
.................................................
. fontspec info: "defining-font"
. 
. Font family 'latinmodern-math.otf(0)' created for font
. 'latinmodern-math.otf' with options
. [BoldItalicFont={},ItalicFont={},Script=Math,SizeFeatures={{Size=12-},{Size=8
-12,Font=latinmodern-math.otf,Style=MathScript},{Size=-8,Font=latinmodern-math.
otf,Style=MathScriptScript}},BoldFont={latinmodern-math.otf}].
. 
. This font family consists of the following shapes:
. 
. * 'normal' with NFSS spec.:
. 
. <12->"[latinmodern-math]/OT:script=math;language=DFLT;"<8-12>"[latinmodern-ma
th]/OT:script=math;language=DFLT;+ssty=0;"<-8>"[latinmodern-math]/OT:script=mat
h;language=DFLT;+ssty=1;"
. 
. * 'small caps' with NFSS spec.:
. 
. and font adjustment code:
. 
. 
. * 'bold' with NFSS spec.:
. <->"[latinmodern-math]/OT:script=math;language=DFLT;"
. 
. * 'bold small caps' with NFSS spec.:
. 
. and font adjustment code:
. 
.................................................
Requested font "[latinmodern-math]/OT:script=math;language=DFLT;" at 12.0pt
 -> /usr/share/texmf-dist/fonts/opentype/public/lm-math/latinmodern-math.otf
Requested font "[latinmodern-math.otf]/OT:script=math;language=DFLT;" at 12.0pt
 -> /usr/share/texmf-dist/fonts/opentype/public/lm-math/latinmodern-math.otf
LaTeX Font Info:    Encoding `OT1' has changed to `EU1' for symbol font
(Font)              `operators' in the math version `normal' on input line 137.

LaTeX Font Info:    Overwriting symbol font `operators' in version `normal'
(Font)                  OT1/cmr/m/n --> EU1/latinmodern-math.otf(0)/m/n on inpu
t line 137.
LaTeX Font Info:    Encoding `OT1' has changed to `EU1' for symbol font
(Font)              `operators' in the math version `bold' on input line 137.
LaTeX Font Info:    Overwriting symbol font `operators' in version `bold'
(Font)                  OT1/cmr/bx/n --> EU1/latinmodern-math.otf(0)/bx/n on in
put line 137.
.................................................
. fontspec info: "defining-font"
. 
. Font family 'latinmodern-math.otf(1)' created for font
. 'latinmodern-math.otf' with options
. [BoldItalicFont={},ItalicFont={},Script=Math,SizeFeatures={{Size=12-},{Size=8
-12,Font=latinmodern-math.otf,Style=MathScript},{Size=-8,Font=latinmodern-math.
otf,Style=MathScriptScript}},BoldFont={latinmodern-math.otf},Scale=1.00001,Font
Adjustment={\fontdimen
. 8\font =8.124pt\relax \relax \fontdimen 9\font =4.728pt\relax \relax
. \fontdimen 10\font =5.328pt\relax \relax \fontdimen 11\font =8.232pt\relax
. \relax \fontdimen 12\font =4.14pt\relax \relax \fontdimen 13\font
. =4.356pt\relax \relax \fontdimen 14\font =4.356pt\relax \relax \fontdimen
. 15\font =3.468pt\relax \relax \fontdimen 16\font =2.964pt\relax \relax
. \fontdimen 17\font =2.964pt\relax \relax \fontdimen 18\font =3.0pt\relax
. \relax \fontdimen 19\font =2.4pt\relax \relax \fontdimen 20\font =0pt\relax
. \fontdimen 21\font =0pt\relax \fontdimen 22\font =3.0pt\relax \relax }].
. 
. This font family consists of the following shapes:
. 
. * 'normal' with NFSS spec.:
. 
. <12->s*[1.00001]"[latinmodern-math]/OT:script=math;language=DFLT;"<8-12>s*[1.
00001]"[latinmodern-math]/OT:script=math;language=DFLT;+ssty=0;"<-8>s*[1.00001]
"[latinmodern-math]/OT:script=math;language=DFLT;+ssty=1;"
. 
. * 'small caps' with NFSS spec.:
. 
. and font adjustment code:
. \fontdimen 8\font =8.124pt\relax \relax \fontdimen 9\font =4.728pt\relax
. \relax \fontdimen 10\font =5.328pt\relax \relax \fontdimen 11\font
. =8.232pt\relax \relax \fontdimen 12\font =4.14pt\relax \relax \fontdimen
. 13\font =4.356pt\relax \relax \fontdimen 14\font =4.356pt\relax \relax
. \fontdimen 15\font =3.468pt\relax \relax \fontdimen 16\font =2.964pt\relax
. \relax \fontdimen 17\font =2.964pt\relax \relax \fontdimen 18\font
. =3.0pt\relax \relax \fontdimen 19\font =2.4pt\relax \relax \fontdimen
. 20\font =0pt\relax \fontdimen 21\font =0pt\relax \fontdimen 22\font
. =3.0pt\relax \relax 
. 
. * 'bold' with NFSS spec.:
. <->s*[1.00001]"[latinmodern-math]/OT:script=math;language=DFLT;"
. 
. * 'bold small caps' with NFSS spec.:
. 
. and font adjustment code:
. \fontdimen 8\font =8.124pt\relax \relax \fontdimen 9\font =4.728pt\relax
. \relax \fontdimen 10\font =5.328pt\relax \relax \fontdimen 11\font
. =8.232pt\relax \relax \fontdimen 12\font =4.14pt\relax \relax \fontdimen
. 13\font =4.356pt\relax \relax \fontdimen 14\font =4.356pt\relax \relax
. \fontdimen 15\font =3.468pt\relax \relax \fontdimen 16\font =2.964pt\relax
. \relax \fontdimen 17\font =2.964pt\relax \relax \fontdimen 18\font
. =3.0pt\relax \relax \fontdimen 19\font =2.4pt\relax \relax \fontdimen
. 20\font =0pt\relax \fontdimen 21\font =0pt\relax \fontdimen 22\font
. =3.0pt\relax \relax 
.................................................
LaTeX Font Info:    Encoding `OMS' has changed to `EU1' for symbol font
(Font)              `symbols' in the math version `normal' on input line 137.
LaTeX Font Info:    Overwriting symbol font `symbols' in version `normal'
(Font)                  OMS/cmsy/m/n --> EU1/latinmodern-math.otf(1)/m/n on inp
ut line 137.
LaTeX Font Info:    Encoding `OMS' has changed to `EU1' for symbol font
(Font)              `symbols' in the math version `bold' on input line 137.
LaTeX Font Info:    Overwriting symbol font `symbols' in version `bold'
(Font)                  OMS/cmsy/b/n --> EU1/latinmodern-math.otf(1)/bx/n on in
put line 137.
.................................................
. fontspec info: "defining-font"
. 
. Font family 'latinmodern-math.otf(2)' created for font
. 'latinmodern-math.otf' with options
. [BoldItalicFont={},ItalicFont={},Script=Math,SizeFeatures={{Size=12-},{Size=8
-12,Font=latinmodern-math.otf,Style=MathScript},{Size=-8,Font=latinmodern-math.
otf,Style=MathScriptScript}},BoldFont={latinmodern-math.otf},Scale=0.99999,Font
Adjustment={\fontdimen
. 8\font =0.48pt\relax \relax \fontdimen 9\font =2.4pt\relax \relax \fontdimen
. 10\font =2.004pt\relax \relax \fontdimen 11\font =1.332pt\relax \relax
. \fontdimen 12\font =7.2pt\relax \relax \fontdimen 13\font =0pt\relax }].
. 
. This font family consists of the following shapes:
. 
. * 'normal' with NFSS spec.:
. 
. <12->s*[0.99999]"[latinmodern-math]/OT:script=math;language=DFLT;"<8-12>s*[0.
99999]"[latinmodern-math]/OT:script=math;language=DFLT;+ssty=0;"<-8>s*[0.99999]
"[latinmodern-math]/OT:script=math;language=DFLT;+ssty=1;"
. 
. * 'small caps' with NFSS spec.:
. 
. and font adjustment code:
. \fontdimen 8\font =0.48pt\relax \relax \fontdimen 9\font =2.4pt\relax \relax
. \fontdimen 10\font =2.004pt\relax \relax \fontdimen 11\font =1.332pt\relax
. \relax \fontdimen 12\font =7.2pt\relax \relax \fontdimen 13\font =0pt\relax 
. 
. * 'bold' with NFSS spec.:
. <->s*[0.99999]"[latinmodern-math]/OT:script=math;language=DFLT;"
. 
. * 'bold small caps' with NFSS spec.:
. 
. and font adjustment code:
. \fontdimen 8\font =0.48pt\relax \relax \fontdimen 9\font =2.4pt\relax \relax
. \fontdimen 10\font =2.004pt\relax \relax \fontdimen 11\font =1.332pt\relax
. \relax \fontdimen 12\font =7.2pt\relax \relax \fontdimen 13\font =0pt\relax 
.................................................
LaTeX Font Info:    Encoding `OMX' has changed to `EU1' for symbol font
(Font)              `largesymbols' in the math version `normal' on input line 1
37.
LaTeX Font Info:    Overwriting symbol font `largesymbols' in version `normal'
(Font)                  OMX/cmex/m/n --> EU1/latinmodern-math.otf(2)/m/n on inp
ut line 137.
LaTeX Font Info:    Encoding `OMX' has changed to `EU1' for symbol font
(Font)              `largesymbols' in the math version `bold' on input line 137
.
LaTeX Font Info:    Overwriting symbol font `largesymbols' in version `bold'
(Font)                  OMX/cmex/m/n --> EU1/latinmodern-math.otf(2)/bx/n on in
put line 137.
\AtBeginShipoutBox=\box75
Package hyperref Info: Link coloring OFF on input line 137.
(/usr/share/texmf-dist/tex/latex/hyperref/nameref.sty
Package: nameref 2012/10/27 v2.43 Cross-referencing by name of section

(/usr/share/texmf-dist/tex/generic/oberdiek/gettitlestring.sty
Package: gettitlestring 2010/12/03 v1.4 Cleanup title references (HO)
)
\c@section@level=\count162
)
LaTeX Info: Redefining \ref on input line 137.
LaTeX Info: Redefining \pageref on input line 137.
LaTeX Info: Redefining \nameref on input line 137.
Requested font "[LinLibertine_R.otf]/OT:script=latn;language=DFLT;mapping=tex-t
ext;mapping=tex-text;+tnum;+onum;" at 20.74pt
 -> /usr/share/texmf-dist/fonts/opentype/public/libertine/LinLibertine_R.otf
Requested font "[LinLibertine_R.otf]/OT:script=latn;language=DFLT;mapping=tex-t
ext;mapping=tex-text;+tnum;+onum;" at 14.4pt
 -> /usr/share/texmf-dist/fonts/opentype/public/libertine/LinLibertine_R.otf
Requested font "[latinmodern-math]/OT:script=math;language=DFLT;" at 14.4pt
 -> /usr/share/texmf-dist/fonts/opentype/public/lm-math/latinmodern-math.otf
Requested font "[latinmodern-math]/OT:script=math;language=DFLT;+ssty=0;" at 10
.0pt
 -> /usr/share/texmf-dist/fonts/opentype/public/lm-math/latinmodern-math.otf
Requested font "[latinmodern-math]/OT:script=math;language=DFLT;+ssty=1;" at 7.
0pt
 -> /usr/share/texmf-dist/fonts/opentype/public/lm-math/latinmodern-math.otf
Requested font "cmmi12" at 14.4pt
 -> /usr/share/texmf-dist/fonts/tfm/public/cm/cmmi12.tfm
LaTeX Font Info:    Font shape `EU1/latinmodern-math.otf(1)/m/n' will be
(Font)              scaled to size 14.4002pt on input line 139.
Requested font "[latinmodern-math]/OT:script=math;language=DFLT;" at 14.4002pt
 -> /usr/share/texmf-dist/fonts/opentype/public/lm-math/latinmodern-math.otf
LaTeX Font Info:    Font shape `EU1/latinmodern-math.otf(1)/m/n' will be
(Font)              scaled to size 10.00015pt on input line 139.
Requested font "[latinmodern-math]/OT:script=math;language=DFLT;+ssty=0;" at 10
.00015pt
 -> /usr/share/texmf-dist/fonts/opentype/public/lm-math/latinmodern-math.otf
LaTeX Font Info:    Font shape `EU1/latinmodern-math.otf(1)/m/n' will be
(Font)              scaled to size 7.0001pt on input line 139.
Requested font "[latinmodern-math]/OT:script=math;language=DFLT;+ssty=1;" at 7.
0001pt
 -> /usr/share/texmf-dist/fonts/opentype/public/lm-math/latinmodern-math.otf
LaTeX Font Info:    Font shape `EU1/latinmodern-math.otf(2)/m/n' will be
(Font)              scaled to size 14.39977pt on input line 139.
Requested font "[latinmodern-math]/OT:script=math;language=DFLT;" at 14.39977pt
 -> /usr/share/texmf-dist/fonts/opentype/public/lm-math/latinmodern-math.otf
LaTeX Font Info:    Font shape `EU1/latinmodern-math.otf(2)/m/n' will be
(Font)              scaled to size 9.99985pt on input line 139.
Requested font "[latinmodern-math]/OT:script=math;language=DFLT;+ssty=0;" at 9.
99985pt
 -> /usr/share/texmf-dist/fonts/opentype/public/lm-math/latinmodern-math.otf
LaTeX Font Info:    Font shape `EU1/latinmodern-math.otf(2)/m/n' will be
(Font)              scaled to size 6.9999pt on input line 139.
Requested font "[latinmodern-math]/OT:script=math;language=DFLT;+ssty=1;" at 6.
9999pt
 -> /usr/share/texmf-dist/fonts/opentype/public/lm-math/latinmodern-math.otf
Requested font "[LinLibertine_RI.otf]/OT:script=latn;language=DFLT;mapping=tex-
text;mapping=tex-text;+tnum;+onum;" at 14.4pt
 -> /usr/share/texmf-dist/fonts/opentype/public/libertine/LinLibertine_RI.otf

(/usr/share/texmf-dist/tex/generic/oberdiek/se-ascii-print.def
File: se-ascii-print.def 2011/12/02 v1.10 stringenc: Printable ASCII characters

) [1


]
LaTeX Font Info:    Font shape `EU1/LinLibertine(0)/m/sl' in size <12> not avai
lable
(Font)              Font shape `EU1/LinLibertine(0)/m/it' tried instead on inpu
t line 144.
Requested font "[LinLibertine_RI.otf]/OT:script=latn;language=DFLT;mapping=tex-
text;mapping=tex-text;+tnum;+onum;" at 12.0pt
 -> /usr/share/texmf-dist/fonts/opentype/public/libertine/LinLibertine_RI.otf
 [2]
Requested font "[LinLibertine_R.otf]/OT:script=latn;language=DFLT;mapping=tex-t
ext;mapping=tex-text;+tnum;+onum;" at 24.88pt
 -> /usr/share/texmf-dist/fonts/opentype/public/libertine/LinLibertine_R.otf
Requested font "[LinLibertine_RB.otf]/OT:script=latn;language=DFLT;mapping=tex-
text;mapping=tex-text;+tnum;+onum;" at 24.88pt
 -> /usr/share/texmf-dist/fonts/opentype/public/libertine/LinLibertine_RB.otf

(./alice.toc
Requested font "[latinmodern-math]/OT:script=math;language=DFLT;+ssty=0;" at 8.
41483pt
 -> /usr/share/texmf-dist/fonts/opentype/public/lm-math/latinmodern-math.otf
Requested font "[latinmodern-math]/OT:script=math;language=DFLT;+ssty=1;" at 5.
97688pt
 -> /usr/share/texmf-dist/fonts/opentype/public/lm-math/latinmodern-math.otf
Requested font "cmmi12" at 12.0pt
 -> /usr/share/texmf-dist/fonts/tfm/public/cm/cmmi12.tfm
Requested font "cmmi8" at 8.41483pt
 -> /usr/share/texmf-dist/fonts/tfm/public/cm/cmmi8.tfm
Requested font "cmmi5" at 5.97688pt
 -> /usr/share/texmf-dist/fonts/tfm/public/cm/cmmi5.tfm
LaTeX Font Info:    Font shape `EU1/latinmodern-math.otf(1)/m/n' will be
(Font)              scaled to size 12.00018pt on input line 1.
Requested font "[latinmodern-math]/OT:script=math;language=DFLT;" at 12.00018pt
 -> /usr/share/texmf-dist/fonts/opentype/public/lm-math/latinmodern-math.otf
LaTeX Font Info:    Font shape `EU1/latinmodern-math.otf(1)/m/n' will be
(Font)              scaled to size 8.41495pt on input line 1.
Requested font "[latinmodern-math]/OT:script=math;language=DFLT;+ssty=0;" at 8.
41495pt
 -> /usr/share/texmf-dist/fonts/opentype/public/lm-math/latinmodern-math.otf
LaTeX Font Info:    Font shape `EU1/latinmodern-math.otf(1)/m/n' will be
(Font)              scaled to size 5.97696pt on input line 1.
Requested font "[latinmodern-math]/OT:script=math;language=DFLT;+ssty=1;" at 5.
97696pt
 -> /usr/share/texmf-dist/fonts/opentype/public/lm-math/latinmodern-math.otf
LaTeX Font Info:    Font shape `EU1/latinmodern-math.otf(2)/m/n' will be
(Font)              scaled to size 11.99982pt on input line 1.
Requested font "[latinmodern-math]/OT:script=math;language=DFLT;" at 11.99982pt
 -> /usr/share/texmf-dist/fonts/opentype/public/lm-math/latinmodern-math.otf
LaTeX Font Info:    Font shape `EU1/latinmodern-math.otf(2)/m/n' will be
(Font)              scaled to size 8.41469pt on input line 1.
Requested font "[latinmodern-math]/OT:script=math;language=DFLT;+ssty=0;" at 8.
41469pt
 -> /usr/share/texmf-dist/fonts/opentype/public/lm-math/latinmodern-math.otf
LaTeX Font Info:    Font shape `EU1/latinmodern-math.otf(2)/m/n' will be
(Font)              scaled to size 5.97679pt on input line 1.
Requested font "[latinmodern-math]/OT:script=math;language=DFLT;+ssty=1;" at 5.
97679pt
 -> /usr/share/texmf-dist/fonts/opentype/public/lm-math/latinmodern-math.otf
Requested font "[LinLibertine_RB.otf]/OT:script=latn;language=DFLT;mapping=tex-
text;mapping=tex-text;+tnum;+onum;" at 12.0pt
 -> /usr/share/texmf-dist/fonts/opentype/public/libertine/LinLibertine_RB.otf
)
\tf@toc=\write3
\openout3 = `alice.toc'.



! Package babel Error: Unknown language `english'. Either you have
(babel)                misspelled its name, it has not been installed,
(babel)                or you requested it in a previous run. Fix its name,
(babel)                install it or just rerun the file, respectively.

See the babel package documentation for explanation.
Type  H <return>  for immediate help.
 ...                                              
                                                  
l.151 \selectlanguage{english}
                              
? 
! Undefined control sequence.
l.154 \chaper
             {}
? 
Requested font "[LinLibertine_R.otf]/OT:script=latn;language=DFLT;mapping=tex-t
ext;mapping=tex-text;+tnum;+onum;" at 17.28pt
 -> /usr/share/texmf-dist/fonts/opentype/public/libertine/LinLibertine_R.otf
Requested font "[LinLibertine_RB.otf]/OT:script=latn;language=DFLT;mapping=tex-
text;mapping=tex-text;+tnum;+onum;" at 17.28pt
 -> /usr/share/texmf-dist/fonts/opentype/public/libertine/LinLibertine_RB.otf
Requested font "[LinLibertine_R.otf]/OT" at 17.28pt
 -> /usr/share/texmf-dist/fonts/opentype/public/libertine/LinLibertine_R.otf
Requested font "[LinLibertine_RB.otf]/OT" at 17.28pt
 -> /usr/share/texmf-dist/fonts/opentype/public/libertine/LinLibertine_RB.otf
Requested font "[LinLibertine_RI.otf]/OT" at 17.28pt
 -> /usr/share/texmf-dist/fonts/opentype/public/libertine/LinLibertine_RI.otf
Requested font "[LinLibertine_RBI.otf]/OT" at 17.28pt
 -> /usr/share/texmf-dist/fonts/opentype/public/libertine/LinLibertine_RBI.otf
.................................................
. fontspec info: "defining-font"
. 
. Font family 'LinLibertine(9)' created for font 'LinLibertine' with options
. [Ligatures = TeX,Extension =
. .otf,SmallCapsFeatures={Letters=SmallCaps},Ligatures=TeX,Numbers =
. {Monospaced,OldStyle},UprightFont = *_R,ItalicFont = *_RI,BoldFont =
. *_RB,BoldItalicFont = *_RBI,Letters=SmallCaps].
. 
. This font family consists of the following shapes:
. 
. * 'normal' with NFSS spec.:
. 
. <->"[LinLibertine_R.otf]/OT:script=latn;language=DFLT;mapping=tex-text;mappin
g=tex-text;+tnum;+onum;+smcp;"
. 
. * 'small caps' with NFSS spec.:
. 
. <->"[LinLibertine_R.otf]/OT:script=latn;language=DFLT;mapping=tex-text;mappin
g=tex-text;+tnum;+onum;+smcp;+smcp;+smcp;"
. and font adjustment code:
. 
. 
. * 'bold' with NFSS spec.:
. 
. <->"[LinLibertine_RB.otf]/OT:script=latn;language=DFLT;mapping=tex-text;mappi
ng=tex-text;+tnum;+onum;+smcp;"
. 
. * 'bold small caps' with NFSS spec.:
. 
. <->"[LinLibertine_RB.otf]/OT:script=latn;language=DFLT;mapping=tex-text;mappi
ng=tex-text;+tnum;+onum;+smcp;+smcp;+smcp;"
. and font adjustment code:
. 
. 
. * 'italic' with NFSS spec.:
. 
. <->"[LinLibertine_RI.otf]/OT:script=latn;language=DFLT;mapping=tex-text;mappi
ng=tex-text;+tnum;+onum;+smcp;"
. 
. * 'small caps' with NFSS spec.:
. 
. <->"[LinLibertine_RI.otf]/OT:script=latn;language=DFLT;mapping=tex-text;mappi
ng=tex-text;+tnum;+onum;+smcp;+smcp;+smcp;"
. and font adjustment code:
. 
. 
. * 'bold italic' with NFSS spec.:
. 
. <->"[LinLibertine_RBI.otf]/OT:script=latn;language=DFLT;mapping=tex-text;mapp
ing=tex-text;+tnum;+onum;+smcp;"
. 
. * 'bold small caps' with NFSS spec.:
. 
. <->"[LinLibertine_RBI.otf]/OT:script=latn;language=DFLT;mapping=tex-text;mapp
ing=tex-text;+tnum;+onum;+smcp;+smcp;+smcp;"
. and font adjustment code:
. 
.................................................
Requested font "[LinLibertine_RB.otf]/OT:script=latn;language=DFLT;mapping=tex-
text;mapping=tex-text;+tnum;+onum;+smcp;" at 17.28pt
 -> /usr/share/texmf-dist/fonts/opentype/public/libertine/LinLibertine_RB.otf

Underfull \hbox (badness 10000) in paragraph at lines 231--233

 []


Underfull \hbox (badness 10000) in paragraph at lines 1891--1892

 []


Underfull \hbox (badness 10000) in paragraph at lines 1898--1900

 []


Underfull \hbox (badness 10000) in paragraph at lines 1906--1908

 []


Underfull \hbox (badness 10000) in paragraph at lines 1914--1916

 []


Underfull \hbox (badness 10000) in paragraph at lines 1922--1924

 []


Underfull \hbox (badness 10000) in paragraph at lines 1930--1932

 []


Underfull \hbox (badness 10000) in paragraph at lines 1938--1940

 []


! Package babel Error: Unknown language `english'. Either you have
(babel)                misspelled its name, it has not been installed,
(babel)                or you requested it in a previous run. Fix its name,
(babel)                install it or just rerun the file, respectively.

See the babel package documentation for explanation.
Type  H <return>  for immediate help.
 ...                                              
                                                  
l.1993 }
          % closing bracket for \ParallelLText
? 

! Package babel Error: Unknown language `slovak'. Either you have
(babel)                misspelled its name, it has not been installed,
(babel)                or you requested it in a previous run. Fix its name,
(babel)                install it or just rerun the file, respectively.

See the babel package documentation for explanation.
Type  H <return>  for immediate help.
 ...                                              
                                                  
l.2001 \selectlanguage{slovak}
                              
? 
(./alice.toc)
\tf@toc=\write4
\openout4 = `alice.toc'.


Chapter 1.

Underfull \hbox (badness 10000) in paragraph at lines 2136--2139

 []


Underfull \hbox (badness 10000) in paragraph at lines 2145--2147

 []


Underfull \hbox (badness 10000) in paragraph at lines 2153--2155

 []


Overfull \hbox (4.6967pt too wide) in paragraph at lines 2740--2752
[]\EU1/LinLibertine(0)/m/n/12 Chvu akala, ale ni u nepoula. Napokon prihr
kotal nejak vozrk a potom sa viacero hlasov navzjom prekriko
 []


Overfull \hbox (1.278pt too wide) in paragraph at lines 4443--4446
[]\EU1/LinLibertine(0)/m/n/12 Alica u-u chcela vsta a poveda: akujem vm 
za v zaujmav prbeh, ale akosi sa nevedela strias mylienky,
 []


! Package babel Error: Unknown language `english'. Either you have
(babel)                misspelled its name, it has not been installed,
(babel)                or you requested it in a previous run. Fix its name,
(babel)                install it or just rerun the file, respectively.

See the babel package documentation for explanation.
Type  H <return>  for immediate help.
 ...                                              
                                                  
l.5602 }
          % closing bracket for \ParallelRText
? 
[1

] [2]
Underfull \hbox (badness 10000) detected at line 5604
[]
 []

[3] [4]
Underfull \hbox (badness 10000) detected at line 5604
[]
 []

[5

] [6] [7] [8]
Underfull \hbox (badness 10000) detected at line 5604
[]
 []

[9

] [10] [11] [12] [13] [14] [15] [16] [17] [18] [19] [20] [21] [22] [23]
[24] [25] [26] [27] [28] [29] [30] [31] [32] [33] [34] [35] [36] [37] [38]
[39] [40] [41] [42] [43] [44] [45] [46] [47] [48] [49] [50] [51] [52] [53]
[54] [55] [56] [57] [58] [59] [60] [61] [62] [63] [64] [65] [66] [67] [68]
[69] [70] [71] [72] [73] [74] [75] [76] [77] [78] [79] [80] [81] [82] [83]
[84] [85]
Package atveryend Info: Empty hook `BeforeClearDocument' on input line 5605.
Package atveryend Info: Empty hook `AfterLastShipout' on input line 5605.
 (./alice.aux)
Package atveryend Info: Empty hook `AtVeryEndDocument' on input line 5605.
Package atveryend Info: Empty hook `AtEndAfterFileList' on input line 5605.


LaTeX Font Warning: Some font shapes were not available, defaults substituted.

Package atveryend Info: Empty hook `AtVeryVeryEnd' on input line 5605.
 ) 
Here is how much of TeX's memory you used:
 36346 strings out of 493668
 693731 string characters out of 6150755
 1315244 words of memory out of 5000000
 39456 multiletter control sequences out of 15000+600000
 9139 words of font info for 80 fonts, out of 8000000 for 9000
 1328 hyphenation exceptions out of 8191
 46i,6n,68p,10388b,434s stack positions out of 5000i,500n,10000p,200000b,80000s

Output written on alice.pdf (87 pages).
